{"contracts/Marketplace.sol":{"l":{"51":0,"52":0,"53":0,"57":0,"58":0,"64":0,"65":0,"69":0,"70":0,"71":0,"72":0,"73":0,"74":0,"78":0,"79":0,"83":0,"84":0,"85":0,"86":0,"95":0,"96":0,"97":0,"100":0,"101":0,"102":0,"105":0,"106":0,"107":0,"112":0,"113":0,"114":0},"path":"/Users/kc/Desktop/chung_project/Metablox/metablox_blockchain_service/contracts/contracts/Marketplace.sol","s":{"1":0,"2":0,"3":0,"4":0,"5":0,"6":0,"7":0,"8":0,"9":0,"10":0,"11":0,"12":0,"13":0,"14":0,"15":0,"16":0,"17":0,"18":0,"19":0,"20":0,"21":0,"22":0,"23":0,"24":0,"25":0,"26":0,"27":0,"28":0,"29":0,"30":0,"31":0},"b":{"1":[0,0],"2":[0,0],"3":[0,0],"4":[0,0],"5":[0,0],"6":[0,0],"7":[0,0]},"f":{"1":0,"2":0,"3":0,"4":0,"5":0,"6":0},"fnMap":{"1":{"name":"constructor","line":50,"loc":{"start":{"line":50,"column":4},"end":{"line":54,"column":4}}},"2":{"name":"openTrade","line":56,"loc":{"start":{"line":56,"column":4},"end":{"line":66,"column":4}}},"3":{"name":"executeTrade","line":68,"loc":{"start":{"line":68,"column":4},"end":{"line":75,"column":4}}},"4":{"name":"cancelTrade","line":77,"loc":{"start":{"line":77,"column":4},"end":{"line":87,"column":4}}},"5":{"name":"setWhitelist","line":93,"loc":{"start":{"line":91,"column":4},"end":{"line":109,"column":4}}},"6":{"name":"setComissionFee","line":111,"loc":{"start":{"line":111,"column":4},"end":{"line":115,"column":4}}}},"statementMap":{"1":{"start":{"line":51,"column":8},"end":{"line":51,"column":52}},"2":{"start":{"line":52,"column":8},"end":{"line":52,"column":45}},"3":{"start":{"line":53,"column":8},"end":{"line":53,"column":23}},"4":{"start":{"line":57,"column":8},"end":{"line":57,"column":63}},"5":{"start":{"line":58,"column":8},"end":{"line":58,"column":1845}},"6":{"start":{"line":64,"column":8},"end":{"line":64,"column":24}},"7":{"start":{"line":65,"column":8},"end":{"line":65,"column":56}},"8":{"start":{"line":69,"column":8},"end":{"line":69,"column":43}},"9":{"start":{"line":70,"column":8},"end":{"line":70,"column":60}},"10":{"start":{"line":71,"column":8},"end":{"line":71,"column":72}},"11":{"start":{"line":72,"column":8},"end":{"line":72,"column":68}},"12":{"start":{"line":73,"column":8},"end":{"line":73,"column":41}},"13":{"start":{"line":74,"column":8},"end":{"line":74,"column":50}},"14":{"start":{"line":78,"column":8},"end":{"line":78,"column":43}},"15":{"start":{"line":79,"column":8},"end":{"line":79,"column":2601}},"16":{"start":{"line":83,"column":8},"end":{"line":83,"column":60}},"17":{"start":{"line":84,"column":8},"end":{"line":84,"column":70}},"18":{"start":{"line":85,"column":8},"end":{"line":85,"column":42}},"19":{"start":{"line":86,"column":8},"end":{"line":86,"column":51}},"20":{"start":{"line":95,"column":8},"end":{"line":95,"column":3124}},"21":{"start":{"line":96,"column":12},"end":{"line":96,"column":61}},"22":{"start":{"line":97,"column":12},"end":{"line":97,"column":50}},"23":{"start":{"line":100,"column":8},"end":{"line":100,"column":3277}},"24":{"start":{"line":101,"column":12},"end":{"line":101,"column":62}},"25":{"start":{"line":102,"column":12},"end":{"line":102,"column":49}},"26":{"start":{"line":105,"column":8},"end":{"line":105,"column":3430}},"27":{"start":{"line":106,"column":12},"end":{"line":106,"column":62}},"28":{"start":{"line":107,"column":12},"end":{"line":107,"column":49}},"29":{"start":{"line":112,"column":8},"end":{"line":112,"column":64}},"30":{"start":{"line":113,"column":8},"end":{"line":113,"column":37}},"31":{"start":{"line":114,"column":8},"end":{"line":114,"column":47}}},"branchMap":{"1":{"line":70,"type":"if","locations":[{"start":{"line":70,"column":8},"end":{"line":70,"column":8}},{"start":{"line":70,"column":8},"end":{"line":70,"column":8}}]},"2":{"line":79,"type":"if","locations":[{"start":{"line":79,"column":8},"end":{"line":79,"column":8}},{"start":{"line":79,"column":8},"end":{"line":79,"column":8}}]},"3":{"line":83,"type":"if","locations":[{"start":{"line":83,"column":8},"end":{"line":83,"column":8}},{"start":{"line":83,"column":8},"end":{"line":83,"column":8}}]},"4":{"line":95,"type":"if","locations":[{"start":{"line":95,"column":8},"end":{"line":95,"column":8}},{"start":{"line":95,"column":8},"end":{"line":95,"column":8}}]},"5":{"line":100,"type":"if","locations":[{"start":{"line":100,"column":8},"end":{"line":100,"column":8}},{"start":{"line":100,"column":8},"end":{"line":100,"column":8}}]},"6":{"line":105,"type":"if","locations":[{"start":{"line":105,"column":8},"end":{"line":105,"column":8}},{"start":{"line":105,"column":8},"end":{"line":105,"column":8}}]},"7":{"line":112,"type":"if","locations":[{"start":{"line":112,"column":8},"end":{"line":112,"column":8}},{"start":{"line":112,"column":8},"end":{"line":112,"column":8}}]}}},"contracts/mock/AggregatorV3Interface.sol":{"l":{},"path":"/Users/kc/Desktop/chung_project/Metablox/metablox_blockchain_service/contracts/contracts/mock/AggregatorV3Interface.sol","s":{},"b":{},"f":{},"fnMap":{},"statementMap":{},"branchMap":{}},"contracts/mock/TestMaticUsdtChainlink.sol":{"l":{"18":1},"path":"/Users/kc/Desktop/chung_project/Metablox/metablox_blockchain_service/contracts/contracts/mock/TestMaticUsdtChainlink.sol","s":{"1":1},"b":{},"f":{"1":1},"fnMap":{"1":{"name":"latestRoundData","line":7,"loc":{"start":{"line":7,"column":4},"end":{"line":19,"column":4}}}},"statementMap":{"1":{"start":{"line":18,"column":8},"end":{"line":18,"column":38}}},"branchMap":{}},"contracts/mock/TestWethUsdtChainlink.sol":{"l":{"18":8},"path":"/Users/kc/Desktop/chung_project/Metablox/metablox_blockchain_service/contracts/contracts/mock/TestWethUsdtChainlink.sol","s":{"1":8},"b":{},"f":{"1":8},"fnMap":{"1":{"name":"latestRoundData","line":7,"loc":{"start":{"line":7,"column":4},"end":{"line":19,"column":4}}}},"statementMap":{"1":{"start":{"line":18,"column":8},"end":{"line":18,"column":41}}},"branchMap":{}},"contracts/storage/ERC3664/ERC3664.sol":{"l":{"49":0,"51":0,"58":0,"60":0,"67":0,"69":0,"70":0,"71":0,"73":0,"74":0,"79":0,"86":0,"93":18,"105":0,"107":0,"108":0,"111":0,"118":0,"131":0,"133":0,"135":0,"137":0,"138":0,"139":0,"141":0,"145":0,"146":0,"149":0,"151":0,"163":49,"165":49,"167":49,"168":196,"170":196,"171":193,"174":196,"175":4,"178":196,"181":49,"195":0,"197":0,"199":0,"200":0,"202":0,"214":3,"215":3,"216":3,"218":3,"220":3,"221":12,"223":12,"224":12,"227":3,"238":0,"240":0,"242":0,"243":0,"244":0,"245":0,"248":0,"259":0,"261":0,"263":0,"265":0,"266":0,"267":0,"268":0,"269":0,"273":0,"300":0,"310":208,"314":0,"318":0,"319":0,"321":0,"325":0,"326":0,"327":0,"329":0},"path":"/Users/kc/Desktop/chung_project/Metablox/metablox_blockchain_service/contracts/contracts/storage/ERC3664/ERC3664.sol","s":{"1":0,"2":0,"3":0,"4":0,"5":0,"6":0,"7":0,"8":0,"9":0,"10":0,"11":0,"12":0,"13":18,"14":0,"15":0,"16":0,"17":0,"18":0,"19":0,"20":0,"21":0,"22":0,"23":0,"24":0,"25":0,"26":0,"27":0,"28":0,"29":0,"30":49,"31":49,"32":49,"33":196,"34":196,"35":193,"36":196,"37":4,"38":196,"39":49,"40":0,"41":0,"42":0,"43":0,"44":0,"45":3,"46":3,"47":3,"48":3,"49":3,"50":12,"51":12,"52":12,"53":3,"54":0,"55":0,"56":0,"57":0,"58":0,"59":0,"60":0,"61":0,"62":0,"63":0,"64":0,"65":0,"66":0,"67":0,"68":0,"69":208,"70":0,"71":0,"72":0,"73":0,"74":0,"75":0},"b":{"1":[0,0],"2":[0,0],"3":[0,0],"4":[0,0],"5":[0,0],"6":[0,0],"7":[0,0],"8":[0,0],"9":[196,0],"10":[193,3],"11":[4,192],"12":[0,0],"13":[3,0],"14":[3,0],"15":[3,0],"16":[12,0],"17":[0,0],"18":[0,0],"19":[0,0]},"f":{"1":3,"2":0,"3":0,"4":0,"5":0,"6":0,"7":18,"8":0,"9":0,"10":0,"11":49,"12":0,"13":3,"14":0,"15":0,"16":49,"17":0,"18":208,"19":0,"20":0,"21":0},"fnMap":{"1":{"name":"constructor","line":33,"loc":{"start":{"line":33,"column":4},"end":{"line":33,"column":20}}},"2":{"name":"name","line":48,"loc":{"start":{"line":48,"column":4},"end":{"line":52,"column":4}}},"3":{"name":"symbol","line":57,"loc":{"start":{"line":57,"column":4},"end":{"line":61,"column":4}}},"4":{"name":"attrURI","line":66,"loc":{"start":{"line":66,"column":4},"end":{"line":76,"column":4}}},"5":{"name":"primaryAttributeOf","line":78,"loc":{"start":{"line":78,"column":4},"end":{"line":80,"column":4}}},"6":{"name":"attributesOf","line":85,"loc":{"start":{"line":85,"column":4},"end":{"line":87,"column":4}}},"7":{"name":"balanceOf","line":92,"loc":{"start":{"line":92,"column":4},"end":{"line":94,"column":4}}},"8":{"name":"balanceOfBatch","line":99,"loc":{"start":{"line":99,"column":4},"end":{"line":112,"column":4}}},"9":{"name":"textOf","line":117,"loc":{"start":{"line":117,"column":4},"end":{"line":119,"column":4}}},"10":{"name":"attach","line":124,"loc":{"start":{"line":124,"column":4},"end":{"line":152,"column":4}}},"11":{"name":"batchAttach","line":157,"loc":{"start":{"line":157,"column":4},"end":{"line":182,"column":4}}},"12":{"name":"_mint","line":189,"loc":{"start":{"line":189,"column":4},"end":{"line":203,"column":4}}},"13":{"name":"_mintBatch","line":208,"loc":{"start":{"line":208,"column":4},"end":{"line":228,"column":4}}},"14":{"name":"_burn","line":233,"loc":{"start":{"line":233,"column":4},"end":{"line":249,"column":4}}},"15":{"name":"_burnBatch","line":254,"loc":{"start":{"line":254,"column":4},"end":{"line":274,"column":4}}},"16":{"name":"_beforeAttrTransfer","line":285,"loc":{"start":{"line":285,"column":4},"end":{"line":292,"column":24}}},"17":{"name":"_baseAttrURI","line":299,"loc":{"start":{"line":299,"column":4},"end":{"line":301,"column":4}}},"18":{"name":"_attrExists","line":309,"loc":{"start":{"line":309,"column":4},"end":{"line":311,"column":4}}},"19":{"name":"_hasAttr","line":313,"loc":{"start":{"line":313,"column":4},"end":{"line":315,"column":4}}},"20":{"name":"_asSingletonArray","line":317,"loc":{"start":{"line":317,"column":4},"end":{"line":322,"column":4}}},"21":{"name":"_removeByValue","line":324,"loc":{"start":{"line":324,"column":4},"end":{"line":330,"column":4}}}},"statementMap":{"1":{"start":{"line":49,"column":8},"end":{"line":49,"column":84}},"2":{"start":{"line":51,"column":8},"end":{"line":51,"column":42}},"3":{"start":{"line":58,"column":8},"end":{"line":58,"column":86}},"4":{"start":{"line":60,"column":8},"end":{"line":60,"column":44}},"5":{"start":{"line":67,"column":8},"end":{"line":67,"column":83}},"6":{"start":{"line":69,"column":8},"end":{"line":69,"column":54}},"7":{"start":{"line":70,"column":8},"end":{"line":70,"column":2282}},"8":{"start":{"line":71,"column":12},"end":{"line":71,"column":67}},"9":{"start":{"line":73,"column":12},"end":{"line":73,"column":50}},"10":{"start":{"line":74,"column":12},"end":{"line":74,"column":104}},"11":{"start":{"line":79,"column":8},"end":{"line":79,"column":36}},"12":{"start":{"line":86,"column":8},"end":{"line":86,"column":38}},"13":{"start":{"line":93,"column":8},"end":{"line":93,"column":41}},"14":{"start":{"line":105,"column":8},"end":{"line":105,"column":70}},"15":{"start":{"line":107,"column":8},"end":{"line":107,"column":3411}},"16":{"start":{"line":108,"column":12},"end":{"line":108,"column":60}},"17":{"start":{"line":111,"column":8},"end":{"line":111,"column":28}},"18":{"start":{"line":118,"column":8},"end":{"line":118,"column":38}},"19":{"start":{"line":131,"column":8},"end":{"line":131,"column":80}},"20":{"start":{"line":133,"column":8},"end":{"line":133,"column":37}},"21":{"start":{"line":135,"column":8},"end":{"line":135,"column":106}},"22":{"start":{"line":137,"column":8},"end":{"line":137,"column":4243}},"23":{"start":{"line":138,"column":12},"end":{"line":138,"column":4298}},"24":{"start":{"line":139,"column":16},"end":{"line":139,"column":45}},"25":{"start":{"line":141,"column":16},"end":{"line":141,"column":51}},"26":{"start":{"line":145,"column":8},"end":{"line":145,"column":4467}},"27":{"start":{"line":146,"column":12},"end":{"line":146,"column":41}},"28":{"start":{"line":149,"column":8},"end":{"line":149,"column":43}},"29":{"start":{"line":151,"column":8},"end":{"line":151,"column":65}},"30":{"start":{"line":163,"column":8},"end":{"line":163,"column":37}},"31":{"start":{"line":165,"column":8},"end":{"line":165,"column":70}},"32":{"start":{"line":167,"column":8},"end":{"line":167,"column":5030}},"33":{"start":{"line":168,"column":12},"end":{"line":168,"column":93}},"34":{"start":{"line":170,"column":12},"end":{"line":170,"column":5190}},"35":{"start":{"line":171,"column":16},"end":{"line":171,"column":55}},"36":{"start":{"line":174,"column":12},"end":{"line":174,"column":5318}},"37":{"start":{"line":175,"column":16},"end":{"line":175,"column":53}},"38":{"start":{"line":178,"column":12},"end":{"line":178,"column":55}},"39":{"start":{"line":181,"column":8},"end":{"line":181,"column":66}},"40":{"start":{"line":195,"column":8},"end":{"line":195,"column":73}},"41":{"start":{"line":197,"column":8},"end":{"line":197,"column":37}},"42":{"start":{"line":199,"column":8},"end":{"line":199,"column":75}},"43":{"start":{"line":200,"column":8},"end":{"line":200,"column":36}},"44":{"start":{"line":202,"column":8},"end":{"line":202,"column":65}},"45":{"start":{"line":214,"column":8},"end":{"line":214,"column":92}},"46":{"start":{"line":215,"column":8},"end":{"line":215,"column":92}},"47":{"start":{"line":216,"column":8},"end":{"line":216,"column":90}},"48":{"start":{"line":218,"column":8},"end":{"line":218,"column":37}},"49":{"start":{"line":220,"column":8},"end":{"line":220,"column":6698}},"50":{"start":{"line":221,"column":12},"end":{"line":221,"column":81}},"51":{"start":{"line":223,"column":12},"end":{"line":223,"column":88}},"52":{"start":{"line":224,"column":12},"end":{"line":224,"column":44}},"53":{"start":{"line":227,"column":8},"end":{"line":227,"column":71}},"54":{"start":{"line":238,"column":8},"end":{"line":238,"column":37}},"55":{"start":{"line":240,"column":8},"end":{"line":240,"column":106}},"56":{"start":{"line":242,"column":8},"end":{"line":242,"column":57}},"57":{"start":{"line":243,"column":8},"end":{"line":243,"column":84}},"58":{"start":{"line":245,"column":8},"end":{"line":245,"column":57}},"59":{"start":{"line":248,"column":8},"end":{"line":248,"column":65}},"60":{"start":{"line":259,"column":8},"end":{"line":259,"column":96}},"61":{"start":{"line":261,"column":8},"end":{"line":261,"column":37}},"62":{"start":{"line":263,"column":8},"end":{"line":263,"column":70}},"63":{"start":{"line":265,"column":8},"end":{"line":265,"column":8145}},"64":{"start":{"line":266,"column":12},"end":{"line":266,"column":65}},"65":{"start":{"line":267,"column":12},"end":{"line":267,"column":92}},"66":{"start":{"line":269,"column":12},"end":{"line":269,"column":69}},"67":{"start":{"line":273,"column":8},"end":{"line":273,"column":66}},"68":{"start":{"line":300,"column":8},"end":{"line":300,"column":17}},"69":{"start":{"line":310,"column":8},"end":{"line":310,"column":43}},"70":{"start":{"line":314,"column":8},"end":{"line":314,"column":45}},"71":{"start":{"line":318,"column":8},"end":{"line":318,"column":49}},"72":{"start":{"line":319,"column":8},"end":{"line":319,"column":25}},"73":{"start":{"line":321,"column":8},"end":{"line":321,"column":20}},"74":{"start":{"line":325,"column":8},"end":{"line":325,"column":18}},"75":{"start":{"line":326,"column":8},"end":{"line":326,"column":10248}}},"branchMap":{"1":{"line":49,"type":"if","locations":[{"start":{"line":49,"column":8},"end":{"line":49,"column":8}},{"start":{"line":49,"column":8},"end":{"line":49,"column":8}}]},"2":{"line":58,"type":"if","locations":[{"start":{"line":58,"column":8},"end":{"line":58,"column":8}},{"start":{"line":58,"column":8},"end":{"line":58,"column":8}}]},"3":{"line":67,"type":"if","locations":[{"start":{"line":67,"column":8},"end":{"line":67,"column":8}},{"start":{"line":67,"column":8},"end":{"line":67,"column":8}}]},"4":{"line":70,"type":"if","locations":[{"start":{"line":70,"column":8},"end":{"line":70,"column":8}},{"start":{"line":70,"column":8},"end":{"line":70,"column":8}}]},"5":{"line":131,"type":"if","locations":[{"start":{"line":131,"column":8},"end":{"line":131,"column":8}},{"start":{"line":131,"column":8},"end":{"line":131,"column":8}}]},"6":{"line":137,"type":"if","locations":[{"start":{"line":137,"column":8},"end":{"line":137,"column":8}},{"start":{"line":137,"column":8},"end":{"line":137,"column":8}}]},"7":{"line":138,"type":"if","locations":[{"start":{"line":138,"column":12},"end":{"line":138,"column":12}},{"start":{"line":138,"column":12},"end":{"line":138,"column":12}}]},"8":{"line":145,"type":"if","locations":[{"start":{"line":145,"column":8},"end":{"line":145,"column":8}},{"start":{"line":145,"column":8},"end":{"line":145,"column":8}}]},"9":{"line":168,"type":"if","locations":[{"start":{"line":168,"column":12},"end":{"line":168,"column":12}},{"start":{"line":168,"column":12},"end":{"line":168,"column":12}}]},"10":{"line":170,"type":"if","locations":[{"start":{"line":170,"column":12},"end":{"line":170,"column":12}},{"start":{"line":170,"column":12},"end":{"line":170,"column":12}}]},"11":{"line":174,"type":"if","locations":[{"start":{"line":174,"column":12},"end":{"line":174,"column":12}},{"start":{"line":174,"column":12},"end":{"line":174,"column":12}}]},"12":{"line":195,"type":"if","locations":[{"start":{"line":195,"column":8},"end":{"line":195,"column":8}},{"start":{"line":195,"column":8},"end":{"line":195,"column":8}}]},"13":{"line":214,"type":"if","locations":[{"start":{"line":214,"column":8},"end":{"line":214,"column":8}},{"start":{"line":214,"column":8},"end":{"line":214,"column":8}}]},"14":{"line":215,"type":"if","locations":[{"start":{"line":215,"column":8},"end":{"line":215,"column":8}},{"start":{"line":215,"column":8},"end":{"line":215,"column":8}}]},"15":{"line":216,"type":"if","locations":[{"start":{"line":216,"column":8},"end":{"line":216,"column":8}},{"start":{"line":216,"column":8},"end":{"line":216,"column":8}}]},"16":{"line":221,"type":"if","locations":[{"start":{"line":221,"column":12},"end":{"line":221,"column":12}},{"start":{"line":221,"column":12},"end":{"line":221,"column":12}}]},"17":{"line":243,"type":"if","locations":[{"start":{"line":243,"column":8},"end":{"line":243,"column":8}},{"start":{"line":243,"column":8},"end":{"line":243,"column":8}}]},"18":{"line":259,"type":"if","locations":[{"start":{"line":259,"column":8},"end":{"line":259,"column":8}},{"start":{"line":259,"column":8},"end":{"line":259,"column":8}}]},"19":{"line":267,"type":"if","locations":[{"start":{"line":267,"column":12},"end":{"line":267,"column":12}},{"start":{"line":267,"column":12},"end":{"line":267,"column":12}}]}}},"contracts/storage/ERC3664/extensions/ERC3664CrossSynthetic.sol":{"l":{"31":0,"32":0,"36":0,"40":0,"41":0,"42":0,"43":0,"44":0,"46":0,"48":0,"50":0,"54":0,"55":0,"56":0,"57":0,"58":0,"60":0,"62":0},"path":"/Users/kc/Desktop/chung_project/Metablox/metablox_blockchain_service/contracts/contracts/storage/ERC3664/extensions/ERC3664CrossSynthetic.sol","s":{"1":0,"2":0,"3":0,"4":0,"5":0,"6":0,"7":0,"8":0,"9":0,"10":0,"11":0,"12":0,"13":0,"14":0,"15":0,"16":0,"17":0,"18":0},"b":{"1":[0,0],"2":[0,0]},"f":{"1":0,"2":0,"3":0,"4":0,"5":0},"fnMap":{"1":{"name":"constructor","line":24,"loc":{"start":{"line":24,"column":4},"end":{"line":24,"column":30}}},"2":{"name":"recordSynthesized","line":26,"loc":{"start":{"line":26,"column":4},"end":{"line":33,"column":4}}},"3":{"name":"getSynthesizedTokens","line":35,"loc":{"start":{"line":35,"column":4},"end":{"line":37,"column":4}}},"4":{"name":"tokenAttributes","line":39,"loc":{"start":{"line":39,"column":4},"end":{"line":51,"column":4}}},"5":{"name":"getSubAttributes","line":53,"loc":{"start":{"line":53,"column":4},"end":{"line":63,"column":4}}}},"statementMap":{"1":{"start":{"line":31,"column":8},"end":{"line":31,"column":87}},"2":{"start":{"line":32,"column":8},"end":{"line":32,"column":43}},"3":{"start":{"line":36,"column":8},"end":{"line":36,"column":41}},"4":{"start":{"line":40,"column":8},"end":{"line":40,"column":30}},"5":{"start":{"line":41,"column":8},"end":{"line":41,"column":54}},"6":{"start":{"line":42,"column":8},"end":{"line":42,"column":1216}},"7":{"start":{"line":43,"column":12},"end":{"line":43,"column":1274}},"8":{"start":{"line":44,"column":16},"end":{"line":44,"column":49}},"9":{"start":{"line":46,"column":12},"end":{"line":46,"column":125}},"10":{"start":{"line":48,"column":8},"end":{"line":48,"column":63}},"11":{"start":{"line":50,"column":8},"end":{"line":50,"column":27}},"12":{"start":{"line":54,"column":8},"end":{"line":54,"column":30}},"13":{"start":{"line":55,"column":8},"end":{"line":55,"column":70}},"14":{"start":{"line":56,"column":8},"end":{"line":56,"column":1798}},"15":{"start":{"line":57,"column":12},"end":{"line":57,"column":1858}},"16":{"start":{"line":58,"column":16},"end":{"line":58,"column":49}},"17":{"start":{"line":60,"column":12},"end":{"line":60,"column":72}},"18":{"start":{"line":62,"column":8},"end":{"line":62,"column":19}}},"branchMap":{"1":{"line":43,"type":"if","locations":[{"start":{"line":43,"column":12},"end":{"line":43,"column":12}},{"start":{"line":43,"column":12},"end":{"line":43,"column":12}}]},"2":{"line":57,"type":"if","locations":[{"start":{"line":57,"column":12},"end":{"line":57,"column":12}},{"start":{"line":57,"column":12},"end":{"line":57,"column":12}}]}}},"contracts/storage/ERC3664/extensions/ERC3664Evolvable.sol":{"l":{"34":0,"38":0,"39":0,"41":0,"52":0,"55":0,"57":0,"67":0,"69":0,"74":0,"75":0,"76":0,"77":0,"78":0,"79":0,"83":0,"84":0,"85":0,"87":0,"88":0,"91":0,"94":0,"98":0,"99":0,"100":0,"102":0,"103":0,"104":0,"106":0,"114":0},"path":"/Users/kc/Desktop/chung_project/Metablox/metablox_blockchain_service/contracts/contracts/storage/ERC3664/extensions/ERC3664Evolvable.sol","s":{"1":0,"2":0,"3":0,"4":0,"5":0,"6":0,"7":0,"8":0,"9":0,"10":0,"11":0,"12":0,"13":0,"14":0,"15":0,"16":0,"17":0,"18":0,"19":0,"20":0,"21":0,"22":0,"23":0,"24":0,"25":0,"26":0,"27":0,"28":0,"29":0,"30":0},"b":{"1":[0,0],"2":[0,0],"3":[0,0],"4":[0,0],"5":[0,0],"6":[0,0],"7":[0,0],"8":[0,0],"9":[0,0],"10":[0,0],"11":[0,0]},"f":{"1":0,"2":0,"3":0,"4":0,"5":0,"6":0,"7":0},"fnMap":{"1":{"name":"constructor","line":33,"loc":{"start":{"line":33,"column":4},"end":{"line":35,"column":4}}},"2":{"name":"period","line":37,"loc":{"start":{"line":37,"column":4},"end":{"line":42,"column":4}}},"3":{"name":"mintWith","line":44,"loc":{"start":{"line":44,"column":4},"end":{"line":58,"column":4}}},"4":{"name":"attach","line":60,"loc":{"start":{"line":60,"column":4},"end":{"line":71,"column":4}}},"5":{"name":"evolutive","line":73,"loc":{"start":{"line":73,"column":4},"end":{"line":95,"column":4}}},"6":{"name":"repair","line":97,"loc":{"start":{"line":97,"column":4},"end":{"line":107,"column":4}}},"7":{"name":"_seed","line":109,"loc":{"start":{"line":109,"column":4},"end":{"line":127,"column":4}}}},"statementMap":{"1":{"start":{"line":34,"column":8},"end":{"line":34,"column":48}},"2":{"start":{"line":38,"column":8},"end":{"line":38,"column":1123}},"3":{"start":{"line":39,"column":12},"end":{"line":39,"column":77}},"4":{"start":{"line":41,"column":8},"end":{"line":41,"column":16}},"5":{"start":{"line":52,"column":8},"end":{"line":52,"column":1616}},"6":{"start":{"line":55,"column":8},"end":{"line":55,"column":44}},"7":{"start":{"line":57,"column":8},"end":{"line":57,"column":79}},"8":{"start":{"line":67,"column":8},"end":{"line":67,"column":61}},"9":{"start":{"line":69,"column":8},"end":{"line":69,"column":2148}},"10":{"start":{"line":74,"column":8},"end":{"line":74,"column":114}},"11":{"start":{"line":75,"column":8},"end":{"line":75,"column":99}},"12":{"start":{"line":76,"column":8},"end":{"line":76,"column":85}},"13":{"start":{"line":77,"column":8},"end":{"line":77,"column":55}},"14":{"start":{"line":78,"column":8},"end":{"line":78,"column":111}},"15":{"start":{"line":79,"column":8},"end":{"line":79,"column":2862}},"16":{"start":{"line":83,"column":8},"end":{"line":83,"column":59}},"17":{"start":{"line":84,"column":8},"end":{"line":84,"column":44}},"18":{"start":{"line":85,"column":8},"end":{"line":85,"column":3086}},"19":{"start":{"line":87,"column":12},"end":{"line":87,"column":26}},"20":{"start":{"line":88,"column":12},"end":{"line":88,"column":72}},"21":{"start":{"line":91,"column":12},"end":{"line":91,"column":27}},"22":{"start":{"line":94,"column":8},"end":{"line":94,"column":72}},"23":{"start":{"line":98,"column":8},"end":{"line":98,"column":111}},"24":{"start":{"line":99,"column":8},"end":{"line":99,"column":99}},"25":{"start":{"line":100,"column":8},"end":{"line":100,"column":85}},"26":{"start":{"line":102,"column":8},"end":{"line":102,"column":59}},"27":{"start":{"line":103,"column":8},"end":{"line":103,"column":22}},"28":{"start":{"line":104,"column":8},"end":{"line":104,"column":97}},"29":{"start":{"line":106,"column":8},"end":{"line":106,"column":61}},"30":{"start":{"line":114,"column":8},"end":{"line":114,"column":4180}}},"branchMap":{"1":{"line":38,"type":"if","locations":[{"start":{"line":38,"column":8},"end":{"line":38,"column":8}},{"start":{"line":38,"column":8},"end":{"line":38,"column":8}}]},"2":{"line":52,"type":"if","locations":[{"start":{"line":52,"column":8},"end":{"line":52,"column":8}},{"start":{"line":52,"column":8},"end":{"line":52,"column":8}}]},"3":{"line":74,"type":"if","locations":[{"start":{"line":74,"column":8},"end":{"line":74,"column":8}},{"start":{"line":74,"column":8},"end":{"line":74,"column":8}}]},"4":{"line":75,"type":"if","locations":[{"start":{"line":75,"column":8},"end":{"line":75,"column":8}},{"start":{"line":75,"column":8},"end":{"line":75,"column":8}}]},"5":{"line":76,"type":"if","locations":[{"start":{"line":76,"column":8},"end":{"line":76,"column":8}},{"start":{"line":76,"column":8},"end":{"line":76,"column":8}}]},"6":{"line":78,"type":"if","locations":[{"start":{"line":78,"column":8},"end":{"line":78,"column":8}},{"start":{"line":78,"column":8},"end":{"line":78,"column":8}}]},"7":{"line":79,"type":"if","locations":[{"start":{"line":79,"column":8},"end":{"line":79,"column":8}},{"start":{"line":79,"column":8},"end":{"line":79,"column":8}}]},"8":{"line":85,"type":"if","locations":[{"start":{"line":85,"column":8},"end":{"line":85,"column":8}},{"start":{"line":85,"column":8},"end":{"line":85,"column":8}}]},"9":{"line":98,"type":"if","locations":[{"start":{"line":98,"column":8},"end":{"line":98,"column":8}},{"start":{"line":98,"column":8},"end":{"line":98,"column":8}}]},"10":{"line":99,"type":"if","locations":[{"start":{"line":99,"column":8},"end":{"line":99,"column":8}},{"start":{"line":99,"column":8},"end":{"line":99,"column":8}}]},"11":{"line":100,"type":"if","locations":[{"start":{"line":100,"column":8},"end":{"line":100,"column":8}},{"start":{"line":100,"column":8},"end":{"line":100,"column":8}}]}}},"contracts/storage/ERC3664/extensions/ERC3664Generic.sol":{"l":{"14":0,"16":0,"17":0,"31":0,"33":0,"45":0,"47":0,"60":0,"62":0,"74":0,"76":0},"path":"/Users/kc/Desktop/chung_project/Metablox/metablox_blockchain_service/contracts/contracts/storage/ERC3664/extensions/ERC3664Generic.sol","s":{"1":0,"2":0,"3":0,"4":0,"5":0,"6":0,"7":0,"8":0,"9":0,"10":0,"11":0},"b":{"1":[0,0],"2":[0,0],"3":[0,0],"4":[0,0]},"f":{"1":0,"2":0,"3":0,"4":0,"5":0},"fnMap":{"1":{"name":"constructor","line":13,"loc":{"start":{"line":13,"column":4},"end":{"line":18,"column":4}}},"2":{"name":"mint","line":25,"loc":{"start":{"line":25,"column":4},"end":{"line":34,"column":4}}},"3":{"name":"mintBatch","line":39,"loc":{"start":{"line":39,"column":4},"end":{"line":48,"column":4}}},"4":{"name":"attach","line":53,"loc":{"start":{"line":53,"column":4},"end":{"line":63,"column":4}}},"5":{"name":"batchAttach","line":68,"loc":{"start":{"line":68,"column":4},"end":{"line":77,"column":4}}}},"statementMap":{"1":{"start":{"line":14,"column":8},"end":{"line":14,"column":51}},"2":{"start":{"line":16,"column":8},"end":{"line":16,"column":44}},"3":{"start":{"line":17,"column":8},"end":{"line":17,"column":44}},"4":{"start":{"line":31,"column":8},"end":{"line":31,"column":99}},"5":{"start":{"line":33,"column":8},"end":{"line":33,"column":42}},"6":{"start":{"line":45,"column":8},"end":{"line":45,"column":99}},"7":{"start":{"line":47,"column":8},"end":{"line":47,"column":48}},"8":{"start":{"line":60,"column":8},"end":{"line":60,"column":101}},"9":{"start":{"line":62,"column":8},"end":{"line":62,"column":61}},"10":{"start":{"line":74,"column":8},"end":{"line":74,"column":101}},"11":{"start":{"line":76,"column":8},"end":{"line":76,"column":58}}},"branchMap":{"1":{"line":31,"type":"if","locations":[{"start":{"line":31,"column":8},"end":{"line":31,"column":8}},{"start":{"line":31,"column":8},"end":{"line":31,"column":8}}]},"2":{"line":45,"type":"if","locations":[{"start":{"line":45,"column":8},"end":{"line":45,"column":8}},{"start":{"line":45,"column":8},"end":{"line":45,"column":8}}]},"3":{"line":60,"type":"if","locations":[{"start":{"line":60,"column":8},"end":{"line":60,"column":8}},{"start":{"line":60,"column":8},"end":{"line":60,"column":8}}]},"4":{"line":74,"type":"if","locations":[{"start":{"line":74,"column":8},"end":{"line":74,"column":8}},{"start":{"line":74,"column":8},"end":{"line":74,"column":8}}]}}},"contracts/storage/ERC3664/extensions/ERC3664Synthetic.sol":{"l":{"28":0,"29":0,"33":0,"37":0,"38":0,"39":0,"40":0,"41":0,"43":0,"45":0,"47":0,"51":0,"52":0,"53":0,"54":0,"55":0,"57":0,"59":0},"path":"/Users/kc/Desktop/chung_project/Metablox/metablox_blockchain_service/contracts/contracts/storage/ERC3664/extensions/ERC3664Synthetic.sol","s":{"1":0,"2":0,"3":0,"4":0,"5":0,"6":0,"7":0,"8":0,"9":0,"10":0,"11":0,"12":0,"13":0,"14":0,"15":0,"16":0,"17":0,"18":0},"b":{"1":[0,0],"2":[0,0]},"f":{"1":0,"2":0,"3":0,"4":0,"5":0},"fnMap":{"1":{"name":"constructor","line":25,"loc":{"start":{"line":25,"column":4},"end":{"line":25,"column":30}}},"2":{"name":"recordSynthesized","line":27,"loc":{"start":{"line":27,"column":4},"end":{"line":30,"column":4}}},"3":{"name":"getSynthesizedTokens","line":32,"loc":{"start":{"line":32,"column":4},"end":{"line":34,"column":4}}},"4":{"name":"tokenAttributes","line":36,"loc":{"start":{"line":36,"column":4},"end":{"line":48,"column":4}}},"5":{"name":"getSubAttributes","line":50,"loc":{"start":{"line":50,"column":4},"end":{"line":60,"column":4}}}},"statementMap":{"1":{"start":{"line":28,"column":8},"end":{"line":28,"column":70}},"2":{"start":{"line":29,"column":8},"end":{"line":29,"column":33}},"3":{"start":{"line":33,"column":8},"end":{"line":33,"column":41}},"4":{"start":{"line":37,"column":8},"end":{"line":37,"column":30}},"5":{"start":{"line":38,"column":8},"end":{"line":38,"column":54}},"6":{"start":{"line":39,"column":8},"end":{"line":39,"column":1152}},"7":{"start":{"line":40,"column":12},"end":{"line":40,"column":1210}},"8":{"start":{"line":41,"column":16},"end":{"line":41,"column":49}},"9":{"start":{"line":43,"column":12},"end":{"line":43,"column":125}},"10":{"start":{"line":45,"column":8},"end":{"line":45,"column":63}},"11":{"start":{"line":47,"column":8},"end":{"line":47,"column":27}},"12":{"start":{"line":51,"column":8},"end":{"line":51,"column":30}},"13":{"start":{"line":52,"column":8},"end":{"line":52,"column":70}},"14":{"start":{"line":53,"column":8},"end":{"line":53,"column":1734}},"15":{"start":{"line":54,"column":12},"end":{"line":54,"column":1794}},"16":{"start":{"line":55,"column":16},"end":{"line":55,"column":49}},"17":{"start":{"line":57,"column":12},"end":{"line":57,"column":72}},"18":{"start":{"line":59,"column":8},"end":{"line":59,"column":19}}},"branchMap":{"1":{"line":40,"type":"if","locations":[{"start":{"line":40,"column":12},"end":{"line":40,"column":12}},{"start":{"line":40,"column":12},"end":{"line":40,"column":12}}]},"2":{"line":54,"type":"if","locations":[{"start":{"line":54,"column":12},"end":{"line":54,"column":12}},{"start":{"line":54,"column":12},"end":{"line":54,"column":12}}]}}},"contracts/storage/ERC3664/extensions/ERC3664Transferable.sol":{"l":{"21":0,"22":0,"26":0,"28":0,"35":0,"46":0,"47":0,"48":0,"50":0,"52":0,"63":0,"64":0,"68":0,"69":0,"71":0,"72":0,"74":0,"75":0,"76":0,"78":0},"path":"/Users/kc/Desktop/chung_project/Metablox/metablox_blockchain_service/contracts/contracts/storage/ERC3664/extensions/ERC3664Transferable.sol","s":{"1":0,"2":0,"3":0,"4":0,"5":0,"6":0,"7":0,"8":0,"9":0,"10":0,"11":0,"12":0,"13":0,"14":0,"15":0,"16":0,"17":0},"b":{"1":[0,0],"2":[0,0],"3":[0,0],"4":[0,0],"5":[0,0],"6":[0,0],"7":[0,0]},"f":{"1":0,"2":0,"3":0,"4":0,"5":0},"fnMap":{"1":{"name":"onlyHolder","line":20,"loc":{"start":{"line":20,"column":4},"end":{"line":23,"column":4}}},"2":{"name":"constructor","line":25,"loc":{"start":{"line":25,"column":4},"end":{"line":29,"column":4}}},"3":{"name":"isApproved","line":34,"loc":{"start":{"line":34,"column":4},"end":{"line":36,"column":4}}},"4":{"name":"approve","line":45,"loc":{"start":{"line":41,"column":4},"end":{"line":53,"column":4}}},"5":{"name":"transferFrom","line":58,"loc":{"start":{"line":58,"column":4},"end":{"line":79,"column":4}}}},"statementMap":{"1":{"start":{"line":21,"column":8},"end":{"line":21,"column":121}},"2":{"start":{"line":26,"column":8},"end":{"line":26,"column":17}},"3":{"start":{"line":28,"column":8},"end":{"line":28,"column":46}},"4":{"start":{"line":35,"column":8},"end":{"line":35,"column":46}},"5":{"start":{"line":46,"column":8},"end":{"line":46,"column":79}},"6":{"start":{"line":47,"column":8},"end":{"line":47,"column":75}},"7":{"start":{"line":48,"column":8},"end":{"line":48,"column":112}},"8":{"start":{"line":50,"column":8},"end":{"line":50,"column":37}},"9":{"start":{"line":52,"column":8},"end":{"line":52,"column":62}},"10":{"start":{"line":63,"column":8},"end":{"line":63,"column":39}},"11":{"start":{"line":64,"column":8},"end":{"line":64,"column":1917}},"12":{"start":{"line":68,"column":8},"end":{"line":68,"column":118}},"13":{"start":{"line":69,"column":8},"end":{"line":69,"column":98}},"14":{"start":{"line":71,"column":8},"end":{"line":71,"column":48}},"15":{"start":{"line":72,"column":8},"end":{"line":72,"column":104}},"16":{"start":{"line":74,"column":8},"end":{"line":74,"column":37}},"17":{"start":{"line":78,"column":8},"end":{"line":78,"column":63}}},"branchMap":{"1":{"line":21,"type":"if","locations":[{"start":{"line":21,"column":8},"end":{"line":21,"column":8}},{"start":{"line":21,"column":8},"end":{"line":21,"column":8}}]},"2":{"line":46,"type":"if","locations":[{"start":{"line":46,"column":8},"end":{"line":46,"column":8}},{"start":{"line":46,"column":8},"end":{"line":46,"column":8}}]},"3":{"line":47,"type":"if","locations":[{"start":{"line":47,"column":8},"end":{"line":47,"column":8}},{"start":{"line":47,"column":8},"end":{"line":47,"column":8}}]},"4":{"line":48,"type":"if","locations":[{"start":{"line":48,"column":8},"end":{"line":48,"column":8}},{"start":{"line":48,"column":8},"end":{"line":48,"column":8}}]},"5":{"line":64,"type":"if","locations":[{"start":{"line":64,"column":8},"end":{"line":64,"column":8}},{"start":{"line":64,"column":8},"end":{"line":64,"column":8}}]},"6":{"line":68,"type":"if","locations":[{"start":{"line":68,"column":8},"end":{"line":68,"column":8}},{"start":{"line":68,"column":8},"end":{"line":68,"column":8}}]},"7":{"line":69,"type":"if","locations":[{"start":{"line":69,"column":8},"end":{"line":69,"column":8}},{"start":{"line":69,"column":8},"end":{"line":69,"column":8}}]}}},"contracts/storage/ERC3664/extensions/ERC3664Updatable.sol":{"l":{"12":0,"19":0,"20":0,"21":0,"22":0,"24":0,"25":0,"27":0,"28":0,"30":0,"37":0,"38":0,"39":0,"41":0,"42":0,"44":0,"46":0,"53":0,"54":0,"55":0,"57":0,"58":0,"60":0,"61":0,"62":0,"64":0},"path":"/Users/kc/Desktop/chung_project/Metablox/metablox_blockchain_service/contracts/contracts/storage/ERC3664/extensions/ERC3664Updatable.sol","s":{"1":0,"2":0,"3":0,"4":0,"5":0,"6":0,"7":0,"8":0,"9":0,"10":0,"11":0,"12":0,"13":0,"14":0,"15":0,"16":0,"17":0,"18":0,"19":0,"20":0,"21":0,"22":0,"23":0,"24":0,"25":0},"b":{"1":[0,0],"2":[0,0],"3":[0,0],"4":[0,0],"5":[0,0],"6":[0,0],"7":[0,0],"8":[0,0],"9":[0,0],"10":[0,0]},"f":{"1":0,"2":0,"3":0,"4":0},"fnMap":{"1":{"name":"constructor","line":11,"loc":{"start":{"line":11,"column":4},"end":{"line":13,"column":4}}},"2":{"name":"remove","line":18,"loc":{"start":{"line":18,"column":4},"end":{"line":31,"column":4}}},"3":{"name":"increase","line":36,"loc":{"start":{"line":36,"column":4},"end":{"line":47,"column":4}}},"4":{"name":"decrease","line":52,"loc":{"start":{"line":52,"column":4},"end":{"line":65,"column":4}}}},"statementMap":{"1":{"start":{"line":12,"column":8},"end":{"line":12,"column":45}},"2":{"start":{"line":19,"column":8},"end":{"line":19,"column":105}},"3":{"start":{"line":20,"column":8},"end":{"line":20,"column":89}},"4":{"start":{"line":21,"column":8},"end":{"line":21,"column":51}},"5":{"start":{"line":22,"column":8},"end":{"line":22,"column":84}},"6":{"start":{"line":24,"column":8},"end":{"line":24,"column":39}},"7":{"start":{"line":25,"column":8},"end":{"line":25,"column":106}},"8":{"start":{"line":28,"column":8},"end":{"line":28,"column":54}},"9":{"start":{"line":30,"column":8},"end":{"line":30,"column":65}},"10":{"start":{"line":37,"column":8},"end":{"line":37,"column":107}},"11":{"start":{"line":38,"column":8},"end":{"line":38,"column":91}},"12":{"start":{"line":39,"column":8},"end":{"line":39,"column":99}},"13":{"start":{"line":41,"column":8},"end":{"line":41,"column":39}},"14":{"start":{"line":42,"column":8},"end":{"line":42,"column":106}},"15":{"start":{"line":44,"column":8},"end":{"line":44,"column":43}},"16":{"start":{"line":46,"column":8},"end":{"line":46,"column":65}},"17":{"start":{"line":53,"column":8},"end":{"line":53,"column":107}},"18":{"start":{"line":54,"column":8},"end":{"line":54,"column":91}},"19":{"start":{"line":55,"column":8},"end":{"line":55,"column":99}},"20":{"start":{"line":57,"column":8},"end":{"line":57,"column":39}},"21":{"start":{"line":58,"column":8},"end":{"line":58,"column":106}},"22":{"start":{"line":60,"column":8},"end":{"line":60,"column":47}},"23":{"start":{"line":61,"column":8},"end":{"line":61,"column":28}},"24":{"start":{"line":62,"column":8},"end":{"line":62,"column":47}},"25":{"start":{"line":64,"column":8},"end":{"line":64,"column":65}}},"branchMap":{"1":{"line":19,"type":"if","locations":[{"start":{"line":19,"column":8},"end":{"line":19,"column":8}},{"start":{"line":19,"column":8},"end":{"line":19,"column":8}}]},"2":{"line":20,"type":"if","locations":[{"start":{"line":20,"column":8},"end":{"line":20,"column":8}},{"start":{"line":20,"column":8},"end":{"line":20,"column":8}}]},"3":{"line":22,"type":"if","locations":[{"start":{"line":22,"column":8},"end":{"line":22,"column":8}},{"start":{"line":22,"column":8},"end":{"line":22,"column":8}}]},"4":{"line":37,"type":"if","locations":[{"start":{"line":37,"column":8},"end":{"line":37,"column":8}},{"start":{"line":37,"column":8},"end":{"line":37,"column":8}}]},"5":{"line":38,"type":"if","locations":[{"start":{"line":38,"column":8},"end":{"line":38,"column":8}},{"start":{"line":38,"column":8},"end":{"line":38,"column":8}}]},"6":{"line":39,"type":"if","locations":[{"start":{"line":39,"column":8},"end":{"line":39,"column":8}},{"start":{"line":39,"column":8},"end":{"line":39,"column":8}}]},"7":{"line":53,"type":"if","locations":[{"start":{"line":53,"column":8},"end":{"line":53,"column":8}},{"start":{"line":53,"column":8},"end":{"line":53,"column":8}}]},"8":{"line":54,"type":"if","locations":[{"start":{"line":54,"column":8},"end":{"line":54,"column":8}},{"start":{"line":54,"column":8},"end":{"line":54,"column":8}}]},"9":{"line":55,"type":"if","locations":[{"start":{"line":55,"column":8},"end":{"line":55,"column":8}},{"start":{"line":55,"column":8},"end":{"line":55,"column":8}}]},"10":{"line":61,"type":"if","locations":[{"start":{"line":61,"column":8},"end":{"line":61,"column":8}},{"start":{"line":61,"column":8},"end":{"line":61,"column":8}}]}}},"contracts/storage/ERC3664/extensions/IERC3664Evolvable.sol":{"l":{},"path":"/Users/kc/Desktop/chung_project/Metablox/metablox_blockchain_service/contracts/contracts/storage/ERC3664/extensions/IERC3664Evolvable.sol","s":{},"b":{},"f":{},"fnMap":{},"statementMap":{},"branchMap":{}},"contracts/storage/ERC3664/extensions/IERC3664Metadata.sol":{"l":{},"path":"/Users/kc/Desktop/chung_project/Metablox/metablox_blockchain_service/contracts/contracts/storage/ERC3664/extensions/IERC3664Metadata.sol","s":{},"b":{},"f":{},"fnMap":{},"statementMap":{},"branchMap":{}},"contracts/storage/ERC3664/extensions/IERC3664Transferable.sol":{"l":{},"path":"/Users/kc/Desktop/chung_project/Metablox/metablox_blockchain_service/contracts/contracts/storage/ERC3664/extensions/IERC3664Transferable.sol","s":{},"b":{},"f":{},"fnMap":{},"statementMap":{},"branchMap":{}},"contracts/storage/ERC3664/extensions/IERC3664Updatable.sol":{"l":{},"path":"/Users/kc/Desktop/chung_project/Metablox/metablox_blockchain_service/contracts/contracts/storage/ERC3664/extensions/IERC3664Updatable.sol","s":{},"b":{},"f":{},"fnMap":{},"statementMap":{},"branchMap":{}},"contracts/storage/ERC3664/IERC3664.sol":{"l":{},"path":"/Users/kc/Desktop/chung_project/Metablox/metablox_blockchain_service/contracts/contracts/storage/ERC3664/IERC3664.sol","s":{},"b":{},"f":{},"fnMap":{},"statementMap":{},"branchMap":{}},"contracts/storage/ERC3664/IUpgradableAttribute.sol":{"l":{},"path":"/Users/kc/Desktop/chung_project/Metablox/metablox_blockchain_service/contracts/contracts/storage/ERC3664/IUpgradableAttribute.sol","s":{},"b":{},"f":{},"fnMap":{},"statementMap":{},"branchMap":{}},"contracts/storage/ERC3664/UpgradableAttribute.sol":{"l":{"39":0,"43":0,"47":0,"51":0,"55":0,"65":0,"66":0,"72":0,"74":0,"81":0,"82":0,"84":0,"89":0,"91":0,"98":0,"99":0,"101":0,"103":0,"105":0,"113":0,"114":0,"116":0,"117":0,"119":0,"121":0,"129":0,"130":0,"132":0,"134":0,"135":0,"137":0,"138":0,"140":0,"144":0,"148":0},"path":"/Users/kc/Desktop/chung_project/Metablox/metablox_blockchain_service/contracts/contracts/storage/ERC3664/UpgradableAttribute.sol","s":{"1":0,"2":0,"3":0,"4":0,"5":0,"6":0,"7":0,"8":0,"9":0,"10":0,"11":0,"12":0,"13":0,"14":0,"15":0,"16":0,"17":0,"18":0,"19":0,"20":0,"21":0,"22":0,"23":0,"24":0,"25":0,"26":0,"27":0,"28":0,"29":0,"30":0,"31":0,"32":0,"33":0,"34":0},"b":{"1":[0,0],"2":[0,0],"3":[0,0],"4":[0,0],"5":[0,0],"6":[0,0],"7":[0,0],"8":[0,0],"9":[0,0],"10":[0,0],"11":[0,0],"12":[0,0],"13":[0,0]},"f":{"1":0,"2":0,"3":0,"4":0,"5":0,"6":0,"7":0,"8":0,"9":0,"10":0,"11":0,"12":0,"13":0},"fnMap":{"1":{"name":"constructor","line":36,"loc":{"start":{"line":36,"column":4},"end":{"line":36,"column":37}}},"2":{"name":"name","line":38,"loc":{"start":{"line":38,"column":4},"end":{"line":40,"column":4}}},"3":{"name":"description","line":42,"loc":{"start":{"line":42,"column":4},"end":{"line":44,"column":4}}},"4":{"name":"getNFTAttrs","line":46,"loc":{"start":{"line":46,"column":4},"end":{"line":48,"column":4}}},"5":{"name":"maxLevel","line":50,"loc":{"start":{"line":50,"column":4},"end":{"line":52,"column":4}}},"6":{"name":"maxSubLevel","line":54,"loc":{"start":{"line":54,"column":4},"end":{"line":56,"column":4}}},"7":{"name":"create","line":64,"loc":{"start":{"line":58,"column":4},"end":{"line":75,"column":4}}},"8":{"name":"attach","line":80,"loc":{"start":{"line":77,"column":4},"end":{"line":92,"column":4}}},"9":{"name":"remove","line":97,"loc":{"start":{"line":94,"column":4},"end":{"line":106,"column":4}}},"10":{"name":"upgradeLevel","line":112,"loc":{"start":{"line":108,"column":4},"end":{"line":122,"column":4}}},"11":{"name":"upgradeSubLevel","line":128,"loc":{"start":{"line":124,"column":4},"end":{"line":141,"column":4}}},"12":{"name":"_exists","line":143,"loc":{"start":{"line":143,"column":4},"end":{"line":145,"column":4}}},"13":{"name":"_hasAttr","line":147,"loc":{"start":{"line":147,"column":4},"end":{"line":149,"column":4}}}},"statementMap":{"1":{"start":{"line":39,"column":8},"end":{"line":39,"column":34}},"2":{"start":{"line":43,"column":8},"end":{"line":43,"column":41}},"3":{"start":{"line":47,"column":8},"end":{"line":47,"column":31}},"4":{"start":{"line":51,"column":8},"end":{"line":51,"column":35}},"5":{"start":{"line":55,"column":8},"end":{"line":55,"column":38}},"6":{"start":{"line":65,"column":8},"end":{"line":65,"column":82}},"7":{"start":{"line":66,"column":8},"end":{"line":66,"column":1956}},"8":{"start":{"line":72,"column":8},"end":{"line":72,"column":28}},"9":{"start":{"line":74,"column":8},"end":{"line":74,"column":51}},"10":{"start":{"line":81,"column":8},"end":{"line":81,"column":81}},"11":{"start":{"line":82,"column":8},"end":{"line":82,"column":97}},"12":{"start":{"line":84,"column":8},"end":{"line":84,"column":2535}},"13":{"start":{"line":89,"column":8},"end":{"line":89,"column":37}},"14":{"start":{"line":91,"column":8},"end":{"line":91,"column":57}},"15":{"start":{"line":98,"column":8},"end":{"line":98,"column":81}},"16":{"start":{"line":99,"column":8},"end":{"line":99,"column":100}},"17":{"start":{"line":103,"column":8},"end":{"line":103,"column":46}},"18":{"start":{"line":105,"column":8},"end":{"line":105,"column":56}},"19":{"start":{"line":113,"column":8},"end":{"line":113,"column":81}},"20":{"start":{"line":114,"column":8},"end":{"line":114,"column":100}},"21":{"start":{"line":116,"column":8},"end":{"line":116,"column":97}},"22":{"start":{"line":117,"column":8},"end":{"line":117,"column":98}},"23":{"start":{"line":119,"column":8},"end":{"line":119,"column":46}},"24":{"start":{"line":121,"column":8},"end":{"line":121,"column":60}},"25":{"start":{"line":129,"column":8},"end":{"line":129,"column":81}},"26":{"start":{"line":130,"column":8},"end":{"line":130,"column":100}},"27":{"start":{"line":132,"column":8},"end":{"line":132,"column":60}},"28":{"start":{"line":134,"column":8},"end":{"line":134,"column":106}},"29":{"start":{"line":135,"column":8},"end":{"line":135,"column":88}},"30":{"start":{"line":137,"column":8},"end":{"line":137,"column":33}},"31":{"start":{"line":138,"column":8},"end":{"line":138,"column":39}},"32":{"start":{"line":140,"column":8},"end":{"line":140,"column":66}},"33":{"start":{"line":144,"column":8},"end":{"line":144,"column":35}},"34":{"start":{"line":148,"column":8},"end":{"line":148,"column":49}}},"branchMap":{"1":{"line":65,"type":"if","locations":[{"start":{"line":65,"column":8},"end":{"line":65,"column":8}},{"start":{"line":65,"column":8},"end":{"line":65,"column":8}}]},"2":{"line":81,"type":"if","locations":[{"start":{"line":81,"column":8},"end":{"line":81,"column":8}},{"start":{"line":81,"column":8},"end":{"line":81,"column":8}}]},"3":{"line":82,"type":"if","locations":[{"start":{"line":82,"column":8},"end":{"line":82,"column":8}},{"start":{"line":82,"column":8},"end":{"line":82,"column":8}}]},"4":{"line":98,"type":"if","locations":[{"start":{"line":98,"column":8},"end":{"line":98,"column":8}},{"start":{"line":98,"column":8},"end":{"line":98,"column":8}}]},"5":{"line":99,"type":"if","locations":[{"start":{"line":99,"column":8},"end":{"line":99,"column":8}},{"start":{"line":99,"column":8},"end":{"line":99,"column":8}}]},"6":{"line":113,"type":"if","locations":[{"start":{"line":113,"column":8},"end":{"line":113,"column":8}},{"start":{"line":113,"column":8},"end":{"line":113,"column":8}}]},"7":{"line":114,"type":"if","locations":[{"start":{"line":114,"column":8},"end":{"line":114,"column":8}},{"start":{"line":114,"column":8},"end":{"line":114,"column":8}}]},"8":{"line":116,"type":"if","locations":[{"start":{"line":116,"column":8},"end":{"line":116,"column":8}},{"start":{"line":116,"column":8},"end":{"line":116,"column":8}}]},"9":{"line":117,"type":"if","locations":[{"start":{"line":117,"column":8},"end":{"line":117,"column":8}},{"start":{"line":117,"column":8},"end":{"line":117,"column":8}}]},"10":{"line":129,"type":"if","locations":[{"start":{"line":129,"column":8},"end":{"line":129,"column":8}},{"start":{"line":129,"column":8},"end":{"line":129,"column":8}}]},"11":{"line":130,"type":"if","locations":[{"start":{"line":130,"column":8},"end":{"line":130,"column":8}},{"start":{"line":130,"column":8},"end":{"line":130,"column":8}}]},"12":{"line":134,"type":"if","locations":[{"start":{"line":134,"column":8},"end":{"line":134,"column":8}},{"start":{"line":134,"column":8},"end":{"line":134,"column":8}}]},"13":{"line":135,"type":"if","locations":[{"start":{"line":135,"column":8},"end":{"line":135,"column":8}},{"start":{"line":135,"column":8},"end":{"line":135,"column":8}}]}}},"contracts/storage/PropertyLevel.sol":{"l":{"14":3,"16":3,"17":3,"31":0,"33":0,"45":3,"47":3,"60":0,"62":0,"74":49,"76":49},"path":"/Users/kc/Desktop/chung_project/Metablox/metablox_blockchain_service/contracts/contracts/storage/PropertyLevel.sol","s":{"1":3,"2":3,"3":3,"4":0,"5":0,"6":3,"7":3,"8":0,"9":0,"10":49,"11":49},"b":{"1":[0,0],"2":[3,0],"3":[0,0],"4":[49,0]},"f":{"1":3,"2":0,"3":3,"4":0,"5":49},"fnMap":{"1":{"name":"constructor","line":13,"loc":{"start":{"line":13,"column":4},"end":{"line":18,"column":4}}},"2":{"name":"mint","line":25,"loc":{"start":{"line":25,"column":4},"end":{"line":34,"column":4}}},"3":{"name":"mintBatch","line":39,"loc":{"start":{"line":39,"column":4},"end":{"line":48,"column":4}}},"4":{"name":"attach","line":53,"loc":{"start":{"line":53,"column":4},"end":{"line":63,"column":4}}},"5":{"name":"batchAttach","line":68,"loc":{"start":{"line":68,"column":4},"end":{"line":77,"column":4}}}},"statementMap":{"1":{"start":{"line":14,"column":8},"end":{"line":14,"column":51}},"2":{"start":{"line":16,"column":8},"end":{"line":16,"column":44}},"3":{"start":{"line":17,"column":8},"end":{"line":17,"column":44}},"4":{"start":{"line":31,"column":8},"end":{"line":31,"column":99}},"5":{"start":{"line":33,"column":8},"end":{"line":33,"column":42}},"6":{"start":{"line":45,"column":8},"end":{"line":45,"column":99}},"7":{"start":{"line":47,"column":8},"end":{"line":47,"column":48}},"8":{"start":{"line":60,"column":8},"end":{"line":60,"column":101}},"9":{"start":{"line":62,"column":8},"end":{"line":62,"column":61}},"10":{"start":{"line":74,"column":8},"end":{"line":74,"column":101}},"11":{"start":{"line":76,"column":8},"end":{"line":76,"column":58}}},"branchMap":{"1":{"line":31,"type":"if","locations":[{"start":{"line":31,"column":8},"end":{"line":31,"column":8}},{"start":{"line":31,"column":8},"end":{"line":31,"column":8}}]},"2":{"line":45,"type":"if","locations":[{"start":{"line":45,"column":8},"end":{"line":45,"column":8}},{"start":{"line":45,"column":8},"end":{"line":45,"column":8}}]},"3":{"line":60,"type":"if","locations":[{"start":{"line":60,"column":8},"end":{"line":60,"column":8}},{"start":{"line":60,"column":8},"end":{"line":60,"column":8}}]},"4":{"line":74,"type":"if","locations":[{"start":{"line":74,"column":8},"end":{"line":74,"column":8}},{"start":{"line":74,"column":8},"end":{"line":74,"column":8}}]}}},"contracts/storage/PropertyTier.sol":{"l":{"13":3,"18":3,"20":3,"22":3,"24":3,"26":3,"28":3,"30":3,"32":3,"34":3,"36":3,"44":26,"51":0,"52":0,"53":0,"55":0},"path":"/Users/kc/Desktop/chung_project/Metablox/metablox_blockchain_service/contracts/contracts/storage/PropertyTier.sol","s":{"1":3,"2":3,"3":3,"4":3,"5":3,"6":3,"7":3,"8":3,"9":3,"10":3,"11":3,"12":26,"13":0,"14":0,"15":0,"16":0},"b":{"1":[0,0],"2":[0,0]},"f":{"1":3,"2":3,"3":26,"4":0},"fnMap":{"1":{"name":"constructor","line":12,"loc":{"start":{"line":12,"column":4},"end":{"line":14,"column":4}}},"2":{"name":"defaultSetBloxBasePrice","line":16,"loc":{"start":{"line":16,"column":4},"end":{"line":37,"column":4}}},"3":{"name":"getBloxBasePrice","line":39,"loc":{"start":{"line":39,"column":4},"end":{"line":45,"column":4}}},"4":{"name":"ownerSetBloxBasePrice","line":49,"loc":{"start":{"line":47,"column":4},"end":{"line":56,"column":4}}}},"statementMap":{"1":{"start":{"line":13,"column":8},"end":{"line":13,"column":32}},"2":{"start":{"line":18,"column":8},"end":{"line":18,"column":51}},"3":{"start":{"line":20,"column":8},"end":{"line":20,"column":51}},"4":{"start":{"line":22,"column":8},"end":{"line":22,"column":52}},"5":{"start":{"line":24,"column":8},"end":{"line":24,"column":54}},"6":{"start":{"line":26,"column":8},"end":{"line":26,"column":55}},"7":{"start":{"line":28,"column":8},"end":{"line":28,"column":55}},"8":{"start":{"line":30,"column":8},"end":{"line":30,"column":56}},"9":{"start":{"line":32,"column":8},"end":{"line":32,"column":56}},"10":{"start":{"line":34,"column":8},"end":{"line":34,"column":58}},"11":{"start":{"line":36,"column":8},"end":{"line":36,"column":60}},"12":{"start":{"line":44,"column":8},"end":{"line":44,"column":41}},"13":{"start":{"line":51,"column":6},"end":{"line":51,"column":65}},"14":{"start":{"line":52,"column":6},"end":{"line":52,"column":56}},"15":{"start":{"line":53,"column":6},"end":{"line":53,"column":34}},"16":{"start":{"line":55,"column":6},"end":{"line":55,"column":71}}},"branchMap":{"1":{"line":51,"type":"if","locations":[{"start":{"line":51,"column":6},"end":{"line":51,"column":6}},{"start":{"line":51,"column":6},"end":{"line":51,"column":6}}]},"2":{"line":52,"type":"if","locations":[{"start":{"line":52,"column":6},"end":{"line":52,"column":6}},{"start":{"line":52,"column":6},"end":{"line":52,"column":6}}]}}},"contracts/storage/utils/Arrays.sol":{"l":{"10":0,"11":0,"12":0,"14":0,"18":0,"19":0},"path":"/Users/kc/Desktop/chung_project/Metablox/metablox_blockchain_service/contracts/contracts/storage/utils/Arrays.sol","s":{"1":0,"2":0,"3":0,"4":0},"b":{},"f":{"1":0,"2":0},"fnMap":{"1":{"name":"find","line":9,"loc":{"start":{"line":9,"column":4},"end":{"line":15,"column":4}}},"2":{"name":"removeByValue","line":17,"loc":{"start":{"line":17,"column":4},"end":{"line":20,"column":4}}}},"statementMap":{"1":{"start":{"line":10,"column":8},"end":{"line":10,"column":18}},"2":{"start":{"line":11,"column":8},"end":{"line":11,"column":260}},"3":{"start":{"line":14,"column":8},"end":{"line":14,"column":16}},"4":{"start":{"line":18,"column":8},"end":{"line":18,"column":36}}},"branchMap":{}},"contracts/storage/utils/AttributeClass.sol":{"l":{"14":0,"21":0},"path":"/Users/kc/Desktop/chung_project/Metablox/metablox_blockchain_service/contracts/contracts/storage/utils/AttributeClass.sol","s":{"1":0,"2":0},"b":{},"f":{"1":0,"2":0},"fnMap":{"1":{"name":"constructor","line":13,"loc":{"start":{"line":13,"column":4},"end":{"line":15,"column":4}}},"2":{"name":"class","line":20,"loc":{"start":{"line":20,"column":4},"end":{"line":22,"column":4}}}},"statementMap":{"1":{"start":{"line":14,"column":8},"end":{"line":14,"column":22}},"2":{"start":{"line":21,"column":8},"end":{"line":21,"column":21}}},"branchMap":{}},"contracts/storage/utils/ITokenHolder.sol":{"l":{},"path":"/Users/kc/Desktop/chung_project/Metablox/metablox_blockchain_service/contracts/contracts/storage/utils/ITokenHolder.sol","s":{},"b":{},"f":{},"fnMap":{},"statementMap":{},"branchMap":{}},"contracts/storage/utils/Operatable.sol":{"l":{"16":0,"17":0,"18":0,"25":0,"32":0,"33":0,"41":0,"42":0},"path":"/Users/kc/Desktop/chung_project/Metablox/metablox_blockchain_service/contracts/contracts/storage/utils/Operatable.sol","s":{"1":0,"2":0,"3":0,"4":0,"5":0,"6":0,"7":0},"b":{"1":[0,0],"2":[0,0]},"f":{"1":0,"2":0,"3":0,"4":0},"fnMap":{"1":{"name":"constructor","line":15,"loc":{"start":{"line":15,"column":4},"end":{"line":19,"column":4}}},"2":{"name":"operator","line":24,"loc":{"start":{"line":24,"column":4},"end":{"line":26,"column":4}}},"3":{"name":"onlyOperator","line":31,"loc":{"start":{"line":31,"column":4},"end":{"line":34,"column":4}}},"4":{"name":"changeOperator","line":40,"loc":{"start":{"line":40,"column":4},"end":{"line":43,"column":4}}}},"statementMap":{"1":{"start":{"line":16,"column":8},"end":{"line":16,"column":40}},"2":{"start":{"line":17,"column":8},"end":{"line":17,"column":28}},"3":{"start":{"line":18,"column":8},"end":{"line":18,"column":51}},"4":{"start":{"line":25,"column":8},"end":{"line":25,"column":24}},"5":{"start":{"line":32,"column":8},"end":{"line":32,"column":84}},"6":{"start":{"line":41,"column":8},"end":{"line":41,"column":89}},"7":{"start":{"line":42,"column":8},"end":{"line":42,"column":30}}},"branchMap":{"1":{"line":32,"type":"if","locations":[{"start":{"line":32,"column":8},"end":{"line":32,"column":8}},{"start":{"line":32,"column":8},"end":{"line":32,"column":8}}]},"2":{"line":41,"type":"if","locations":[{"start":{"line":41,"column":8},"end":{"line":41,"column":8}},{"start":{"line":41,"column":8},"end":{"line":41,"column":8}}]}}},"contracts/storage/utils/StringsUtil.sol":{"l":{"10":0,"11":0,"18":0,"19":0,"21":0,"23":0,"25":0,"27":0,"28":0,"30":0,"31":0,"34":0,"35":0,"38":0,"45":0,"47":0,"48":0,"49":0,"50":0,"51":0,"52":0,"54":0,"55":0,"59":0,"61":0,"62":0,"63":0,"65":0,"66":0,"67":0,"70":0,"71":0,"73":0,"74":0,"75":0,"77":0,"78":0,"80":0,"87":0,"88":0,"90":0,"92":0,"93":0,"94":0,"98":0},"path":"/Users/kc/Desktop/chung_project/Metablox/metablox_blockchain_service/contracts/contracts/storage/utils/StringsUtil.sol","s":{"1":0,"2":0,"3":0,"4":0,"5":0,"6":0,"7":0,"8":0,"9":0,"10":0,"11":0,"12":0,"13":0,"14":0,"15":0,"16":0,"17":0,"18":0,"19":0,"20":0,"21":0,"22":0,"23":0,"24":0,"25":0,"26":0,"27":0,"28":0,"29":0,"30":0,"31":0,"32":0,"33":0,"34":0,"35":0,"36":0,"37":0,"38":0,"39":0,"40":0,"41":0,"42":0,"43":0},"b":{"1":[0,0],"2":[0,0],"3":[0,0],"4":[0,0]},"f":{"1":0,"2":0,"3":0,"4":0},"fnMap":{"1":{"name":"length","line":6,"loc":{"start":{"line":6,"column":4},"end":{"line":12,"column":4}}},"2":{"name":"concat","line":14,"loc":{"start":{"line":14,"column":4},"end":{"line":39,"column":4}}},"3":{"name":"split","line":41,"loc":{"start":{"line":41,"column":4},"end":{"line":81,"column":4}}},"4":{"name":"_indexOf","line":83,"loc":{"start":{"line":83,"column":4},"end":{"line":99,"column":4}}}},"statementMap":{"1":{"start":{"line":10,"column":8},"end":{"line":10,"column":46}},"2":{"start":{"line":11,"column":8},"end":{"line":11,"column":32}},"3":{"start":{"line":18,"column":8},"end":{"line":18,"column":46}},"4":{"start":{"line":19,"column":8},"end":{"line":19,"column":48}},"5":{"start":{"line":21,"column":8},"end":{"line":21,"column":62}},"6":{"start":{"line":23,"column":8},"end":{"line":23,"column":573}},"7":{"start":{"line":25,"column":8},"end":{"line":25,"column":49}},"8":{"start":{"line":27,"column":8},"end":{"line":27,"column":14}},"9":{"start":{"line":28,"column":8},"end":{"line":28,"column":14}},"10":{"start":{"line":30,"column":8},"end":{"line":30,"column":733}},"11":{"start":{"line":31,"column":12},"end":{"line":31,"column":41}},"12":{"start":{"line":34,"column":8},"end":{"line":34,"column":838}},"13":{"start":{"line":35,"column":12},"end":{"line":35,"column":42}},"14":{"start":{"line":38,"column":8},"end":{"line":38,"column":32}},"15":{"start":{"line":45,"column":8},"end":{"line":45,"column":46}},"16":{"start":{"line":47,"column":8},"end":{"line":47,"column":24}},"17":{"start":{"line":48,"column":8},"end":{"line":48,"column":29}},"18":{"start":{"line":49,"column":8},"end":{"line":49,"column":1217}},"19":{"start":{"line":50,"column":12},"end":{"line":50,"column":57}},"20":{"start":{"line":51,"column":12},"end":{"line":51,"column":1334}},"21":{"start":{"line":55,"column":16},"end":{"line":55,"column":41}},"22":{"start":{"line":59,"column":8},"end":{"line":59,"column":44}},"23":{"start":{"line":61,"column":8},"end":{"line":61,"column":18}},"24":{"start":{"line":62,"column":8},"end":{"line":62,"column":23}},"25":{"start":{"line":63,"column":8},"end":{"line":63,"column":1595}},"26":{"start":{"line":65,"column":12},"end":{"line":65,"column":57}},"27":{"start":{"line":66,"column":12},"end":{"line":66,"column":1713}},"28":{"start":{"line":67,"column":16},"end":{"line":67,"column":46}},"29":{"start":{"line":70,"column":12},"end":{"line":70,"column":67}},"30":{"start":{"line":71,"column":12},"end":{"line":71,"column":48}},"31":{"start":{"line":73,"column":12},"end":{"line":73,"column":22}},"32":{"start":{"line":74,"column":12},"end":{"line":74,"column":1954}},"33":{"start":{"line":75,"column":16},"end":{"line":75,"column":45}},"34":{"start":{"line":77,"column":12},"end":{"line":77,"column":37}},"35":{"start":{"line":78,"column":12},"end":{"line":78,"column":55}},"36":{"start":{"line":80,"column":8},"end":{"line":80,"column":23}},"37":{"start":{"line":87,"column":8},"end":{"line":87,"column":46}},"38":{"start":{"line":88,"column":8},"end":{"line":88,"column":48}},"39":{"start":{"line":90,"column":8},"end":{"line":90,"column":38}},"40":{"start":{"line":92,"column":8},"end":{"line":92,"column":2470}},"41":{"start":{"line":93,"column":12},"end":{"line":93,"column":2539}},"42":{"start":{"line":94,"column":16},"end":{"line":94,"column":29}},"43":{"start":{"line":98,"column":8},"end":{"line":98,"column":18}}},"branchMap":{"1":{"line":21,"type":"if","locations":[{"start":{"line":21,"column":8},"end":{"line":21,"column":8}},{"start":{"line":21,"column":8},"end":{"line":21,"column":8}}]},"2":{"line":51,"type":"if","locations":[{"start":{"line":51,"column":12},"end":{"line":51,"column":12}},{"start":{"line":51,"column":12},"end":{"line":51,"column":12}}]},"3":{"line":66,"type":"if","locations":[{"start":{"line":66,"column":12},"end":{"line":66,"column":12}},{"start":{"line":66,"column":12},"end":{"line":66,"column":12}}]},"4":{"line":93,"type":"if","locations":[{"start":{"line":93,"column":12},"end":{"line":93,"column":12}},{"start":{"line":93,"column":12},"end":{"line":93,"column":12}}]}}},"contracts/TestToken.sol":{"l":{"9":6},"path":"/Users/kc/Desktop/chung_project/Metablox/metablox_blockchain_service/contracts/contracts/TestToken.sol","s":{"1":6},"b":{},"f":{"1":6},"fnMap":{"1":{"name":"constructor","line":8,"loc":{"start":{"line":8,"column":4},"end":{"line":10,"column":4}}}},"statementMap":{"1":{"start":{"line":9,"column":8},"end":{"line":9,"column":39}}},"branchMap":{}},"contracts/v1/Metablox.sol":{"l":{"48":0,"49":0,"56":0,"57":0,"58":0,"59":0,"60":0,"75":0,"76":0,"77":0,"78":0,"80":0,"82":0,"90":0,"91":0,"92":0,"94":0,"95":0,"105":0,"120":0,"121":0,"138":0,"139":0,"148":0,"149":0},"path":"/Users/kc/Desktop/chung_project/Metablox/metablox_blockchain_service/contracts/contracts/v1/Metablox.sol","s":{"1":0,"2":0,"3":0,"4":0,"5":0,"6":0,"7":0,"8":0,"9":0,"10":0,"11":0,"12":0,"13":0,"14":0,"15":0,"16":0,"17":0,"18":0,"19":0,"20":0,"21":0,"22":0,"23":0,"24":0,"25":0},"b":{"1":[0,0],"2":[0,0]},"f":{"1":0,"2":0,"3":0,"4":0,"5":0,"6":0,"7":0,"8":0},"fnMap":{"1":{"name":"constructor","line":47,"loc":{"start":{"line":47,"column":4},"end":{"line":50,"column":4}}},"2":{"name":"setPriceTiers","line":55,"loc":{"start":{"line":55,"column":4},"end":{"line":61,"column":4}}},"3":{"name":"mintUniqueTokenTo","line":74,"loc":{"start":{"line":66,"column":4},"end":{"line":83,"column":4}}},"4":{"name":"UpgradePhase","line":89,"loc":{"start":{"line":89,"column":4},"end":{"line":97,"column":4}}},"5":{"name":"lookupPrice","line":104,"loc":{"start":{"line":104,"column":4},"end":{"line":106,"column":4}}},"6":{"name":"mintWithUSDT","line":111,"loc":{"start":{"line":111,"column":4},"end":{"line":130,"column":4}}},"7":{"name":"roundUp","line":137,"loc":{"start":{"line":137,"column":4},"end":{"line":140,"column":4}}},"8":{"name":"setRootingMemeory","line":145,"loc":{"start":{"line":145,"column":4},"end":{"line":150,"column":4}}}},"statementMap":{"1":{"start":{"line":48,"column":8},"end":{"line":48,"column":31}},"2":{"start":{"line":49,"column":8},"end":{"line":49,"column":22}},"3":{"start":{"line":56,"column":8},"end":{"line":56,"column":28}},"4":{"start":{"line":57,"column":8},"end":{"line":57,"column":28}},"5":{"start":{"line":58,"column":8},"end":{"line":58,"column":28}},"6":{"start":{"line":59,"column":8},"end":{"line":59,"column":28}},"7":{"start":{"line":60,"column":8},"end":{"line":60,"column":28}},"8":{"start":{"line":75,"column":8},"end":{"line":75,"column":40}},"9":{"start":{"line":76,"column":8},"end":{"line":76,"column":30}},"10":{"start":{"line":77,"column":8},"end":{"line":77,"column":39}},"11":{"start":{"line":78,"column":8},"end":{"line":78,"column":78}},"12":{"start":{"line":80,"column":8},"end":{"line":80,"column":43}},"13":{"start":{"line":82,"column":8},"end":{"line":82,"column":23}},"14":{"start":{"line":90,"column":8},"end":{"line":90,"column":2595}},"15":{"start":{"line":91,"column":12},"end":{"line":91,"column":31}},"16":{"start":{"line":92,"column":12},"end":{"line":92,"column":51}},"17":{"start":{"line":94,"column":12},"end":{"line":94,"column":2803}},"18":{"start":{"line":95,"column":16},"end":{"line":95,"column":55}},"19":{"start":{"line":105,"column":8},"end":{"line":105,"column":26}},"20":{"start":{"line":120,"column":8},"end":{"line":120,"column":60}},"21":{"start":{"line":121,"column":8},"end":{"line":121,"column":3548}},"22":{"start":{"line":138,"column":8},"end":{"line":138,"column":41}},"23":{"start":{"line":139,"column":8},"end":{"line":139,"column":30}},"24":{"start":{"line":148,"column":8},"end":{"line":148,"column":70}},"25":{"start":{"line":149,"column":8},"end":{"line":149,"column":39}}},"branchMap":{"1":{"line":90,"type":"if","locations":[{"start":{"line":90,"column":8},"end":{"line":90,"column":8}},{"start":{"line":90,"column":8},"end":{"line":90,"column":8}}]},"2":{"line":148,"type":"if","locations":[{"start":{"line":148,"column":8},"end":{"line":148,"column":8}},{"start":{"line":148,"column":8},"end":{"line":148,"column":8}}]}}},"contracts/v2/MetabloxController.sol":{"l":{"22":3,"23":3,"24":3,"28":4,"32":2,"39":1,"40":1,"41":1,"49":0,"50":0,"57":0,"58":0,"66":0,"76":1,"80":1},"path":"/Users/kc/Desktop/chung_project/Metablox/metablox_blockchain_service/contracts/contracts/v2/MetabloxController.sol","s":{"1":3,"2":3,"3":3,"4":4,"5":1,"6":1,"7":1,"8":0,"9":0,"10":0,"11":0,"12":0,"13":1,"14":1},"b":{"1":[2,2]},"f":{"1":3,"2":4,"3":1,"4":0,"5":0,"6":0,"7":1,"8":1},"fnMap":{"1":{"name":"constructor","line":17,"loc":{"start":{"line":17,"column":4},"end":{"line":25,"column":4}}},"2":{"name":"onlyBloxOwner","line":27,"loc":{"start":{"line":27,"column":4},"end":{"line":33,"column":4}}},"3":{"name":"addBloxMemory","line":37,"loc":{"start":{"line":35,"column":4},"end":{"line":42,"column":4}}},"4":{"name":"ownerAddBloxMemory","line":48,"loc":{"start":{"line":44,"column":4},"end":{"line":51,"column":4}}},"5":{"name":"modifyBloxMemory","line":55,"loc":{"start":{"line":53,"column":4},"end":{"line":59,"column":4}}},"6":{"name":"ownerModifyBloxMemory","line":65,"loc":{"start":{"line":61,"column":4},"end":{"line":67,"column":4}}},"7":{"name":"levelUp","line":74,"loc":{"start":{"line":71,"column":4},"end":{"line":77,"column":4}}},"8":{"name":"setMemorySlotAttributeId","line":79,"loc":{"start":{"line":79,"column":4},"end":{"line":81,"column":4}}}},"statementMap":{"1":{"start":{"line":22,"column":8},"end":{"line":22,"column":51}},"2":{"start":{"line":23,"column":8},"end":{"line":23,"column":58}},"3":{"start":{"line":24,"column":8},"end":{"line":24,"column":59}},"4":{"start":{"line":28,"column":8},"end":{"line":28,"column":883}},"5":{"start":{"line":39,"column":8},"end":{"line":39,"column":36}},"6":{"start":{"line":40,"column":8},"end":{"line":40,"column":82}},"7":{"start":{"line":41,"column":8},"end":{"line":41,"column":82}},"8":{"start":{"line":49,"column":8},"end":{"line":49,"column":82}},"9":{"start":{"line":50,"column":8},"end":{"line":50,"column":80}},"10":{"start":{"line":57,"column":8},"end":{"line":57,"column":36}},"11":{"start":{"line":58,"column":8},"end":{"line":58,"column":72}},"12":{"start":{"line":66,"column":8},"end":{"line":66,"column":70}},"13":{"start":{"line":76,"column":8},"end":{"line":76,"column":73}},"14":{"start":{"line":80,"column":8},"end":{"line":80,"column":34}}},"branchMap":{"1":{"line":28,"type":"if","locations":[{"start":{"line":28,"column":8},"end":{"line":28,"column":8}},{"start":{"line":28,"column":8},"end":{"line":28,"column":8}}]}}},"contracts/v2/MetabloxMemories.sol":{"l":{"41":1,"45":1,"49":1,"53":1,"57":1,"61":1,"80":1,"85":1,"86":1,"87":1,"89":1,"98":1,"109":0,"115":0,"118":0,"124":0,"125":0,"127":0,"131":1,"135":1,"139":3,"143":1},"path":"/Users/kc/Desktop/chung_project/Metablox/metablox_blockchain_service/contracts/contracts/v2/MetabloxMemories.sol","s":{"1":1,"2":1,"3":1,"4":1,"5":1,"6":1,"7":1,"8":1,"9":1,"10":0,"11":0,"12":0,"13":0,"14":0,"15":0,"16":1,"17":1,"18":3,"19":1},"b":{"1":[1,0],"2":[1,0],"3":[1,0],"4":[1,0],"5":[0,0],"6":[0,0]},"f":{"1":3,"2":1,"3":1,"4":1,"5":1,"6":0,"7":1,"8":1,"9":3,"10":1},"fnMap":{"1":{"name":"constructor","line":38,"loc":{"start":{"line":38,"column":4},"end":{"line":38,"column":19}}},"2":{"name":"onlyBloxOwner","line":40,"loc":{"start":{"line":40,"column":4},"end":{"line":46,"column":4}}},"3":{"name":"onlyBloxController","line":48,"loc":{"start":{"line":48,"column":4},"end":{"line":54,"column":4}}},"4":{"name":"memoryExisted","line":56,"loc":{"start":{"line":56,"column":4},"end":{"line":62,"column":4}}},"5":{"name":"addBloxMemory","line":78,"loc":{"start":{"line":74,"column":4},"end":{"line":99,"column":4}}},"6":{"name":"modifyBloxMemory","line":107,"loc":{"start":{"line":104,"column":4},"end":{"line":128,"column":4}}},"7":{"name":"getMemoryHashesByBloxId","line":130,"loc":{"start":{"line":130,"column":4},"end":{"line":132,"column":4}}},"8":{"name":"getMemoryHashesByAddress","line":134,"loc":{"start":{"line":134,"column":4},"end":{"line":136,"column":4}}},"9":{"name":"setBloxContract","line":138,"loc":{"start":{"line":138,"column":4},"end":{"line":140,"column":4}}},"10":{"name":"setBloxController","line":142,"loc":{"start":{"line":142,"column":4},"end":{"line":144,"column":4}}}},"statementMap":{"1":{"start":{"line":41,"column":8},"end":{"line":41,"column":944}},"2":{"start":{"line":49,"column":8},"end":{"line":49,"column":1122}},"3":{"start":{"line":57,"column":8},"end":{"line":57,"column":1347}},"4":{"start":{"line":80,"column":8},"end":{"line":80,"column":2182}},"5":{"start":{"line":85,"column":8},"end":{"line":85,"column":34}},"6":{"start":{"line":86,"column":8},"end":{"line":86,"column":56}},"7":{"start":{"line":87,"column":8},"end":{"line":87,"column":63}},"8":{"start":{"line":89,"column":8},"end":{"line":89,"column":2473}},"9":{"start":{"line":98,"column":8},"end":{"line":98,"column":65}},"10":{"start":{"line":109,"column":8},"end":{"line":109,"column":3143}},"11":{"start":{"line":115,"column":8},"end":{"line":115,"column":3410}},"12":{"start":{"line":118,"column":8},"end":{"line":118,"column":3519}},"13":{"start":{"line":124,"column":8},"end":{"line":124,"column":34}},"14":{"start":{"line":125,"column":8},"end":{"line":125,"column":65}},"15":{"start":{"line":127,"column":8},"end":{"line":127,"column":67}},"16":{"start":{"line":131,"column":8},"end":{"line":131,"column":45}},"17":{"start":{"line":135,"column":8},"end":{"line":135,"column":50}},"18":{"start":{"line":139,"column":8},"end":{"line":139,"column":51}},"19":{"start":{"line":143,"column":8},"end":{"line":143,"column":63}}},"branchMap":{"1":{"line":41,"type":"if","locations":[{"start":{"line":41,"column":8},"end":{"line":41,"column":8}},{"start":{"line":41,"column":8},"end":{"line":41,"column":8}}]},"2":{"line":49,"type":"if","locations":[{"start":{"line":49,"column":8},"end":{"line":49,"column":8}},{"start":{"line":49,"column":8},"end":{"line":49,"column":8}}]},"3":{"line":57,"type":"if","locations":[{"start":{"line":57,"column":8},"end":{"line":57,"column":8}},{"start":{"line":57,"column":8},"end":{"line":57,"column":8}}]},"4":{"line":80,"type":"if","locations":[{"start":{"line":80,"column":8},"end":{"line":80,"column":8}},{"start":{"line":80,"column":8},"end":{"line":80,"column":8}}]},"5":{"line":109,"type":"if","locations":[{"start":{"line":109,"column":8},"end":{"line":109,"column":8}},{"start":{"line":109,"column":8},"end":{"line":109,"column":8}}]},"6":{"line":118,"type":"if","locations":[{"start":{"line":118,"column":8},"end":{"line":118,"column":8}},{"start":{"line":118,"column":8},"end":{"line":118,"column":8}}]}}},"contracts/v2/MetabloxV2.sol":{"l":{"76":3,"77":3,"78":3,"79":3,"80":3,"82":3,"91":3,"93":3,"94":3,"95":3,"97":3,"98":3,"100":3,"101":3,"102":3,"104":3,"105":3,"106":3,"107":3,"108":3,"112":10,"113":10,"117":39,"121":2,"125":2,"126":20,"131":0,"135":0,"139":48,"140":48,"141":48,"142":48,"143":48,"145":48,"146":48,"147":48,"148":48,"149":48,"151":48,"153":48,"162":31,"163":29,"165":29,"166":29,"167":29,"169":29,"170":1,"172":29,"173":29,"183":5,"184":3,"186":1,"187":1,"189":1,"190":9,"204":23,"206":23,"208":23,"210":19,"212":19,"213":19,"214":19,"216":19,"217":0,"220":19,"221":10,"222":10,"224":8,"228":8,"229":8,"231":1,"236":0,"239":19,"252":23,"258":21,"260":19,"261":19,"263":17,"264":15,"266":2,"267":8,"285":9,"286":9,"287":9,"291":9,"296":9,"302":48,"303":9,"305":39,"306":10,"307":10,"308":10,"309":10,"310":4,"312":10,"313":10,"318":9,"319":9,"326":9,"330":26,"331":26,"332":26,"333":26,"334":26,"336":26,"338":26,"346":39,"347":39,"348":39,"352":0,"353":0,"357":0,"358":0,"366":1,"367":1,"371":0,"387":48,"394":0,"403":2,"412":0,"416":1,"420":1,"425":9,"431":9,"432":9,"433":9,"435":9,"436":6,"439":9,"443":1},"path":"/Users/kc/Desktop/chung_project/Metablox/metablox_blockchain_service/contracts/contracts/v2/MetabloxV2.sol","s":{"1":3,"2":3,"3":3,"4":3,"5":3,"6":3,"7":3,"8":3,"9":3,"10":3,"11":3,"12":3,"13":3,"14":3,"15":3,"16":3,"17":3,"18":3,"19":3,"20":3,"21":10,"22":10,"23":39,"24":2,"25":2,"26":20,"27":0,"28":0,"29":48,"30":48,"31":48,"32":48,"33":48,"34":48,"35":48,"36":48,"37":48,"38":48,"39":48,"40":48,"41":31,"42":29,"43":29,"44":29,"45":29,"46":29,"47":1,"48":29,"49":29,"50":5,"51":3,"52":1,"53":1,"54":1,"55":9,"56":23,"57":23,"58":23,"59":19,"60":19,"61":19,"62":19,"63":19,"64":0,"65":19,"66":10,"67":10,"68":9,"69":8,"70":8,"71":8,"72":1,"73":1,"74":0,"75":19,"76":23,"77":21,"78":19,"79":19,"80":17,"81":15,"82":2,"83":8,"84":9,"85":9,"86":9,"87":0,"88":9,"89":0,"90":9,"91":48,"92":9,"93":39,"94":10,"95":10,"96":10,"97":10,"98":4,"99":10,"100":10,"101":9,"102":9,"103":9,"104":26,"105":26,"106":26,"107":26,"108":26,"109":26,"110":26,"111":39,"112":39,"113":39,"114":0,"115":0,"116":0,"117":0,"118":1,"119":1,"120":0,"121":48,"122":0,"123":2,"124":0,"125":1,"126":1,"127":9,"128":9,"129":9,"130":9,"131":9,"132":6,"133":9,"134":1},"b":{"1":[10,0],"2":[29,2],"3":[29,0],"4":[1,28],"5":[3,2],"6":[1,2],"7":[1,0],"8":[23,0],"9":[23,0],"10":[19,4],"11":[0,19],"12":[10,9],"13":[8,1],"14":[8,0],"15":[1,0],"16":[1,0],"17":[21,2],"18":[19,2],"19":[17,2],"20":[15,2],"21":[0,9],"22":[0,9],"23":[9,39],"24":[10,29],"25":[4,6],"26":[26,0],"27":[39,0],"28":[0,0],"29":[0,0],"30":[1,0],"31":[9,0],"32":[6,3]},"f":{"1":3,"2":3,"3":10,"4":39,"5":2,"6":2,"7":0,"8":0,"9":48,"10":31,"11":5,"12":23,"13":23,"14":9,"15":48,"16":9,"17":26,"18":39,"19":0,"20":0,"21":1,"22":0,"23":48,"24":0,"25":2,"26":0,"27":1,"28":1,"29":9,"30":1},"fnMap":{"1":{"name":"initialize","line":75,"loc":{"start":{"line":70,"column":4},"end":{"line":83,"column":4}}},"2":{"name":"__Blox_init","line":85,"loc":{"start":{"line":85,"column":4},"end":{"line":109,"column":4}}},"3":{"name":"capBloxBeforePayment","line":111,"loc":{"start":{"line":111,"column":4},"end":{"line":114,"column":4}}},"4":{"name":"capBloxAfterPayment","line":116,"loc":{"start":{"line":116,"column":4},"end":{"line":118,"column":4}}},"5":{"name":"setTotalBloxSupply","line":120,"loc":{"start":{"line":120,"column":4},"end":{"line":122,"column":4}}},"6":{"name":"setCappedBloxes","line":124,"loc":{"start":{"line":124,"column":4},"end":{"line":128,"column":4}}},"7":{"name":"setMaxPublicMintAmount","line":130,"loc":{"start":{"line":130,"column":4},"end":{"line":132,"column":4}}},"8":{"name":"setMaxReserveAmount","line":134,"loc":{"start":{"line":134,"column":4},"end":{"line":136,"column":4}}},"9":{"name":"initBloxProperty","line":138,"loc":{"start":{"line":138,"column":4},"end":{"line":154,"column":4}}},"10":{"name":"mintReservedBlox","line":161,"loc":{"start":{"line":157,"column":4},"end":{"line":174,"column":4}}},"11":{"name":"batchMintReservedBloxes","line":181,"loc":{"start":{"line":177,"column":4},"end":{"line":192,"column":4}}},"12":{"name":"mintBlox","line":195,"loc":{"start":{"line":195,"column":4},"end":{"line":240,"column":4}}},"13":{"name":"batchMintBloxes","line":250,"loc":{"start":{"line":243,"column":4},"end":{"line":270,"column":4}}},"14":{"name":"isAbleToMintWith","line":283,"loc":{"start":{"line":283,"column":4},"end":{"line":297,"column":4}}},"15":{"name":"gracePeriodCheck","line":299,"loc":{"start":{"line":299,"column":4},"end":{"line":315,"column":4}}},"16":{"name":"getUsdtPrice","line":317,"loc":{"start":{"line":317,"column":4},"end":{"line":327,"column":4}}},"17":{"name":"getBasePriceFromPropertyTier","line":329,"loc":{"start":{"line":329,"column":4},"end":{"line":343,"column":4}}},"18":{"name":"getBloxSupplyDivBy10","line":345,"loc":{"start":{"line":345,"column":4},"end":{"line":349,"column":4}}},"19":{"name":"addNewPriceFeed","line":351,"loc":{"start":{"line":351,"column":4},"end":{"line":354,"column":4}}},"20":{"name":"updatePriceFeed","line":356,"loc":{"start":{"line":356,"column":4},"end":{"line":359,"column":4}}},"21":{"name":"isApprovedForAll","line":361,"loc":{"start":{"line":361,"column":4},"end":{"line":372,"column":4}}},"22":{"name":"_authorizeUpgrade","line":377,"loc":{"start":{"line":374,"column":4},"end":{"line":378,"column":5}}},"23":{"name":"_beforeTokenTransfer","line":382,"loc":{"start":{"line":382,"column":4},"end":{"line":388,"column":4}}},"24":{"name":"_burn","line":390,"loc":{"start":{"line":390,"column":4},"end":{"line":395,"column":4}}},"25":{"name":"tokenURI","line":397,"loc":{"start":{"line":397,"column":4},"end":{"line":404,"column":4}}},"26":{"name":"supportsInterface","line":406,"loc":{"start":{"line":406,"column":4},"end":{"line":413,"column":4}}},"27":{"name":"pause","line":415,"loc":{"start":{"line":415,"column":4},"end":{"line":417,"column":4}}},"28":{"name":"unpause","line":419,"loc":{"start":{"line":419,"column":4},"end":{"line":421,"column":4}}},"29":{"name":"releaseGracePeriod","line":424,"loc":{"start":{"line":424,"column":4},"end":{"line":440,"column":4}}},"30":{"name":"withdraw","line":442,"loc":{"start":{"line":442,"column":4},"end":{"line":444,"column":4}}}},"statementMap":{"1":{"start":{"line":76,"column":8},"end":{"line":76,"column":40}},"2":{"start":{"line":77,"column":8},"end":{"line":77,"column":32}},"3":{"start":{"line":78,"column":8},"end":{"line":78,"column":32}},"4":{"start":{"line":79,"column":8},"end":{"line":79,"column":23}},"5":{"start":{"line":80,"column":8},"end":{"line":80,"column":31}},"6":{"start":{"line":82,"column":8},"end":{"line":82,"column":117}},"7":{"start":{"line":91,"column":8},"end":{"line":91,"column":16}},"8":{"start":{"line":93,"column":8},"end":{"line":93,"column":28}},"9":{"start":{"line":94,"column":8},"end":{"line":94,"column":24}},"10":{"start":{"line":95,"column":8},"end":{"line":95,"column":31}},"11":{"start":{"line":97,"column":8},"end":{"line":97,"column":32}},"12":{"start":{"line":98,"column":8},"end":{"line":98,"column":30}},"13":{"start":{"line":100,"column":8},"end":{"line":100,"column":33}},"14":{"start":{"line":101,"column":8},"end":{"line":101,"column":65}},"15":{"start":{"line":102,"column":8},"end":{"line":102,"column":67}},"16":{"start":{"line":104,"column":8},"end":{"line":104,"column":67}},"17":{"start":{"line":105,"column":8},"end":{"line":105,"column":67}},"18":{"start":{"line":106,"column":8},"end":{"line":106,"column":69}},"19":{"start":{"line":107,"column":8},"end":{"line":107,"column":71}},"20":{"start":{"line":108,"column":8},"end":{"line":108,"column":72}},"21":{"start":{"line":112,"column":8},"end":{"line":112,"column":61}},"22":{"start":{"line":113,"column":8},"end":{"line":113,"column":33}},"23":{"start":{"line":117,"column":8},"end":{"line":117,"column":34}},"24":{"start":{"line":121,"column":8},"end":{"line":121,"column":31}},"25":{"start":{"line":125,"column":8},"end":{"line":125,"column":4650}},"26":{"start":{"line":126,"column":12},"end":{"line":126,"column":42}},"27":{"start":{"line":131,"column":8},"end":{"line":131,"column":49}},"28":{"start":{"line":135,"column":8},"end":{"line":135,"column":51}},"29":{"start":{"line":139,"column":8},"end":{"line":139,"column":52}},"30":{"start":{"line":140,"column":8},"end":{"line":140,"column":22}},"31":{"start":{"line":141,"column":8},"end":{"line":141,"column":22}},"32":{"start":{"line":142,"column":8},"end":{"line":142,"column":22}},"33":{"start":{"line":143,"column":8},"end":{"line":143,"column":22}},"34":{"start":{"line":145,
[...]
"end":{"line":305,"column":8}}]},"25":{"line":309,"type":"if","locations":[{"start":{"line":309,"column":12},"end":{"line":309,"column":12}},{"start":{"line":309,"column":12},"end":{"line":309,"column":12}}]},"26":{"line":336,"type":"if","locations":[{"start":{"line":336,"column":8},"end":{"line":336,"column":8}},{"start":{"line":336,"column":8},"end":{"line":336,"column":8}}]},"27":{"line":347,"type":"if","locations":[{"start":{"line":347,"column":8},"end":{"line":347,"column":8}},{"start":{"line":347,"column":8},"end":{"line":347,"column":8}}]},"28":{"line":352,"type":"if","locations":[{"start":{"line":352,"column":8},"end":{"line":352,"column":8}},{"start":{"line":352,"column":8},"end":{"line":352,"column":8}}]},"29":{"line":357,"type":"if","locations":[{"start":{"line":357,"column":8},"end":{"line":357,"column":8}},{"start":{"line":357,"column":8},"end":{"line":357,"column":8}}]},"30":{"line":366,"type":"if","locations":[{"start":{"line":366,"column":8},"end":{"line":366,"column":8}},{"start":{"line":366,"column":8},"end":{"line":366,"column":8}}]},"31":{"line":433,"type":"if","locations":[{"start":{"line":433,"column":8},"end":{"line":433,"column":8}},{"start":{"line":433,"column":8},"end":{"line":433,"column":8}}]},"32":{"line":435,"type":"if","locations":[{"start":{"line":435,"column":8},"end":{"line":435,"column":8}},{"start":{"line":435,"column":8},"end":{"line":435,"column":8}}]}}},"contracts/v2/MetabloxV3.sol":{"l":{"74":0,"75":0,"76":0,"77":0,"78":0,"80":0,"89":0,"91":0,"92":0,"93":0,"95":0,"96":0,"97":0,"99":0,"100":0,"101":0,"102":0,"103":0,"107":0,"108":0,"112":0,"116":0,"120":0,"121":0,"126":0,"127":0,"128":0,"129":0,"130":0,"132":0,"133":0,"134":0,"135":0,"136":0,"138":0,"140":0,"149":0,"150":0,"152":0,"153":0,"154":0,"156":0,"157":0,"159":0,"160":0,"169":0,"170":0,"171":0,"172":0,"186":0,"188":0,"190":0,"192":0,"194":0,"195":0,"196":0,"198":0,"199":0,"202":0,"203":0,"204":0,"206":0,"210":0,"211":0,"213":0,"218":0,"221":0,"237":0,"238":0,"239":0,"243":0,"248":0,"254":0,"255":0,"257":0,"258":0,"259":0,"260":0,"261":0,"262":0,"264":0,"265":0,"270":0,"271":0,"278":0,"282":0,"283":0,"284":0,"285":0,"286":0,"288":0,"290":0,"298":0,"299":0,"300":0,"304":0,"305":0,"309":0,"310":0,"318":0,"319":0,"323":0,"339":0,"346":0,"355":0,"364":0,"368":0,"372":0,"377":0,"383":0,"384":0,"385":0,"387":0,"388":0,"391":0,"395":0},"path":"/Users/kc/Desktop/chung_project/Metablox/metablox_blockchain_service/contracts/contracts/v2/MetabloxV3.sol","s":{"1":0,"2":0,"3":0,"4":0,"5":0,"6":0,"7":0,"8":0,"9":0,"10":0,"11":0,"12":0,"13":0,"14":0,"15":0,"16":0,"17":0,"18":0,"19":0,"20":0,"21":0,"22":0,"23":0,"24":0,"25":0,"26":0,"27":0,"28":0,"29":0,"30":0,"31":0,"32":0,"33":0,"34":0,"35":0,"36":0,"37":0,"38":0,"39":0,"40":0,"41":0,"42":0,"43":0,"44":0,"45":0,"46":0,"47":0,"48":0,"49":0,"50":0,"51":0,"52":0,"53":0,"54":0,"55":0,"56":0,"57":0,"58":0,"59":0,"60":0,"61":0,"62":0,"63":0,"64":0,"65":0,"66":0,"67":0,"68":0,"69":0,"70":0,"71":0,"72":0,"73":0,"74":0,"75":0,"76":0,"77":0,"78":0,"79":0,"80":0,"81":0,"82":0,"83":0,"84":0,"85":0,"86":0,"87":0,"88":0,"89":0,"90":0,"91":0,"92":0,"93":0,"94":0,"95":0,"96":0,"97":0,"98":0,"99":0,"100":0,"101":0,"102":0,"103":0,"104":0,"105":0,"106":0,"107":0,"108":0,"109":0,"110":0,"111":0,"112":0,"113":0,"114":0,"115":0,"116":0,"117":0,"118":0,"119":0,"120":0},"b":{"1":[0,0],"2":[0,0],"3":[0,0],"4":[0,0],"5":[0,0],"6":[0,0],"7":[0,0],"8":[0,0],"9":[0,0],"10":[0,0],"11":[0,0],"12":[0,0],"13":[0,0],"14":[0,0],"15":[0,0],"16":[0,0],"17":[0,0],"18":[0,0],"19":[0,0],"20":[0,0],"21":[0,0],"22":[0,0],"23":[0,0],"24":[0,0],"25":[0,0],"26":[0,0],"27":[0,0]},"f":{"1":0,"2":0,"3":0,"4":0,"5":0,"6":0,"7":0,"8":0,"9":0,"10":0,"11":0,"12":0,"13":0,"14":0,"15":0,"16":0,"17":0,"18":0,"19":0,"20":0,"21":0,"22":0,"23":0,"24":0,"25":0,"26":0,"27":0},"fnMap":{"1":{"name":"initialize","line":73,"loc":{"start":{"line":68,"column":4},"end":{"line":81,"column":4}}},"2":{"name":"__Blox_init","line":83,"loc":{"start":{"line":83,"column":4},"end":{"line":104,"column":4}}},"3":{"name":"capBloxBeforePayment","line":106,"loc":{"start":{"line":106,"column":4},"end":{"line":109,"column":4}}},"4":{"name":"capBloxAfterPayment","line":111,"loc":{"start":{"line":111,"column":4},"end":{"line":113,"column":4}}},"5":{"name":"setTotalBloxSupply","line":115,"loc":{"start":{"line":115,"column":4},"end":{"line":117,"column":4}}},"6":{"name":"setCappedBloxes","line":119,"loc":{"start":{"line":119,"column":4},"end":{"line":123,"column":4}}},"7":{"name":"initBloxProperty","line":125,"loc":{"start":{"line":125,"column":4},"end":{"line":141,"column":4}}},"8":{"name":"mintReservedBlox","line":148,"loc":{"start":{"line":144,"column":4},"end":{"line":161,"column":4}}},"9":{"name":"batchMintReservedBloxes","line":168,"loc":{"start":{"line":164,"column":4},"end":{"line":174,"column":4}}},"10":{"name":"mintBlox","line":184,"loc":{"start":{"line":177,"column":4},"end":{"line":222,"column":4}}},"11":{"name":"isAbleToMintWith","line":235,"loc":{"start":{"line":235,"column":4},"end":{"line":249,"column":4}}},"12":{"name":"gracePeriodCheck","line":251,"loc":{"start":{"line":251,"column":4},"end":{"line":267,"column":4}}},"13":{"name":"getUsdtPrice","line":269,"loc":{"start":{"line":269,"column":4},"end":{"line":279,"column":4}}},"14":{"name":"getBasePriceFromPropertyTier","line":281,"loc":{"start":{"line":281,"column":4},"end":{"line":295,"column":4}}},"15":{"name":"getBloxSupplyDivBy10","line":297,"loc":{"start":{"line":297,"column":4},"end":{"line":301,"column":4}}},"16":{"name":"addNewPriceFeed","line":303,"loc":{"start":{"line":303,"column":4},"end":{"line":306,"column":4}}},"17":{"name":"updatePriceFeed","line":308,"loc":{"start":{"line":308,"column":4},"end":{"line":311,"column":4}}},"18":{"name":"isApprovedForAll","line":313,"loc":{"start":{"line":313,"column":4},"end":{"line":324,"column":4}}},"19":{"name":"_authorizeUpgrade","line":329,"loc":{"start":{"line":326,"column":4},"end":{"line":330,"column":5}}},"20":{"name":"_beforeTokenTransfer","line":334,"loc":{"start":{"line":334,"column":4},"end":{"line":340,"column":4}}},"21":{"name":"_burn","line":342,"loc":{"start":{"line":342,"column":4},"end":{"line":347,"column":4}}},"22":{"name":"tokenURI","line":349,"loc":{"start":{"line":349,"column":4},"end":{"line":356,"column":4}}},"23":{"name":"supportsInterface","line":358,"loc":{"start":{"line":358,"column":4},"end":{"line":365,"column":4}}},"24":{"name":"pause","line":367,"loc":{"start":{"line":367,"column":4},"end":{"line":369,"column":4}}},"25":{"name":"unpause","line":371,"loc":{"start":{"line":371,"column":4},"end":{"line":373,"column":4}}},"26":{"name":"releaseGracePeriod","line":376,"loc":{"start":{"line":376,"column":4},"end":{"line":392,"column":4}}},"27":{"name":"withdraw","line":394,"loc":{"start":{"line":394,"column":4},"end":{"line":396,"column":4}}}},"statementMap":{"1":{"start":{"line":74,"column":8},"end":{"line":74,"column":40}},"2":{"start":{"line":75,"column":8},"end":{"line":75,"column":32}},"3":{"start":{"line":76,"column":8},"end":{"line":76,"column":32}},"4":{"start":{"line":77,"column":8},"end":{"line":77,"column":23}},"5":{"start":{"line":78,"column":8},"end":{"line":78,"column":31}},"6":{"start":{"line":80,"column":8},"end":{"line":80,"column":117}},"7":{"start":{"line":89,"column":8},"end":{"line":89,"column":16}},"8":{"start":{"line":91,"column":8},"end":{"line":91,"column":28}},"9":{"start":{"line":92,"column":8},"end":{"line":92,"column":24}},"10":{"start":{"line":93,"column":8},"end":{"line":93,"column":31}},"11":{"start":{"line":95,"column":8},"end":{"line":95,"column":33}},"12":{"start":{"line":96,"column":8},"end":{"line":96,"column":65}},"13":{"start":{"line":97,"column":8},"end":{"line":97,"column":67}},"14":{"start":{"line":99,"column":8},"end":{"line":99,"column":67}},"15":{"start":{"line":100,"column":8},"end":{"line":100,"column":67}},"16":{"start":{"line":101,"column":8},"end":{"line":101,"column":69}},"17":{"start":{"line":102,"column":8},"end":{"line":102,"column":71}},"18":{"start":{"line":103,"column":8},"end":{"line":103,"column":72}},"19":{"start":{"line":107,"column":8},"end":{"line":107,"column":61}},"20":{"start":{"line":108,"column":8},"end":{"line":108,"column":33}},"21":{"start":{"line":112,"column":8},"end":{"line":112,"column":34}},"22":{"start":{"line":116,"column":8},"end":{"line":116,"column":31}},"23":{"start":{"line":120,"column":8},"end":{"line":120,"column":4498}},"24":{"start":{"line":121,"column":12},"end":{"line":121,"column":42}},"25":{"start":{"line":126,"column":8},"end":{"line":126,"column":52}},"26":{"start":{"line":127,"column":8},"end":{"line":127,"column":22}},"27":{"start":{"line":128,"column":8},"end":{"line":128,"column":22}},"28":{"start":{"line":129,"column":8},"end":{"line":129,"column":22}},"29":{"start":{"line":130,"column":8},"end":{"line":130,"column":22}},"30":{"start":{"line":132,"column":8},"end":{"line":132,"column":56}},"31":{"start":{"line":133,"column":8},"end":{"line":133,"column":26}},"32":{"start":{"line":134,"column":8},"end":{"line":134,"column":26}},"33":{"start":{"line":135,"column":8},"end":{"line":135,"column":26}},"34":{"start":{"line":136,"column":8},"end":{"line":136,"column":28}},"35":{"start":{"line":138,"column":8},"end":{"line":138,"column":46}},"36":{"start":{"line":140,"column":8},"end":{"line":140,"column":103}},"37":{"start":{"line":149,"column":8},"end":{"line":149,"column":53}},"38":{"start":{"line":150,"column":8},"end":{"line":150,"column":76}},"39":{"start":{"line":152,"column":8},"end":{"line":152,"column":32}},"40":{"start":{"line":153,"column":8},"end":{"line":153,"column":34}},"41":{"start":{"line":154,"column":8},"end":{"line":154,"column":32}},"42":{"start":{"line":156,"column":8},"end":{"line":156,"column":5601}},"43":{"start":{"line":157,"column":12},"end":{"line":157,"column":31}},"44":{"start":{"line":159,"column":8},"end":{"line":159,"column":35}},"45":{"start":{"line":160,"column":8},"end":{"line":160,"column":30}},"46":{"start":{"line":169,"column":8},"end":{"line":169,"column":86}},"47":{"start":{"line":170,"column":8},"end":{"line":170,"column":89}},"48":{"start":{"line":171,"column":8},"end":{"line":171,"column":6128}},"49":{"start":{"line":172,"column":12},"end":{"line":172,"column":57}},"50":{"start":{"line":186,"column":8},"end":{"line":186,"column":53}},"51":{"start":{"line":188,"column":8},"end":{"line":188,"column":76}},"52":{"start":{"line":190,"column":8},"end":{"line":190,"column":58}},"53":{"start":{"line":192,"column":8},"end":{"line":192,"column":36}},"54":{"start":{"line":194,"column":8},"end":{"line":194,"column":32}},"55":{"start":{"line":195,"column":8},"end":{"line":195,"column":33}},"56":{"start":{"line":196,"column":8},"end":{"line":196,"column":32}},"57":{"start":{"line":198,"column":8},"end":{"line":198,"column":7148}},"58":{"start":{"line":199,"column":12},"end":{"line":199,"column":31}},"59":{"start":{"line":202,"column":8},"end":{"line":202,"column":7236}},"60":{"start":{"line":203,"column":12},"end":{"line":203,"column":79}},"61":{"start":{"line":204,"column":12},"end":{"line":204,"column":103}},"62":{"start":{"line":205,"column":15},"end":{"line":205,"column":7480}},"63":{"start":{"line":206,"column":12},"end":{"line":206,"column":7538}},"64":{"start":{"line":210,"column":12},"end":{"line":210,"column":79}},"65":{"start":{"line":211,"column":12},"end":{"line":211,"column":70}},"66":{"start":{"line":212,"column":15},"end":{"line":212,"column":7877}},"67":{"start":{"line":213,"column":12},"end":{"line":213,"column":7937}},"68":{"start":{"line":218,"column":12},"end":{"line":218,"column":53}},"69":{"start":{"line":221,"column":8},"end":{"line":221,"column":30}},"70":{"start":{"line":237,"column":8},"end":{"line":237,"column":76}},"71":{"start":{"line":238,"column":8},"end":{"line":238,"column":58}},"72":{"start":{"line":239,"column":8},"end":{"line":239,"column":9030}},"73":{"start":{"line":242,"column":10},"end":{"line":242,"column":41}},"74":{"start":{"line":243,"column":8},"end":{"line":243,"column":9206}},"75":{"start":{"line":246,"column":10},"end":{"line":246,"column":40}},"76":{"start":{"line":248,"column":8},"end":{"line":248,"column":19}},"77":{"start":{"line":254,"column":8},"end":{"line":254,"column":9522}},"78":{"start":{"line":255,"column":12},"end":{"line":255,"column":18}},"79":{"start":{"line":257,"column":8},"end":{"line":257,"column":9591}},"80":{"start":{"line":258,"column":12},"end":{"line":258,"column":31}},"81":{"start":{"line":259,"column":12},"end":{"line":259,"column":55}},"82":{"start":{"line":260,"column":12},"end":{"line":260,"column":67}},"83":{"start":{"line":261,"column":12},"end":{"line":261,"column":9820}},"84":{"start":{"line":262,"column":16},"end":{"line":262,"column":61}},"85":{"start":{"line":264,"column":12},"end":{"line":264,"column":61}},"86":{"start":{"line":265,"column":12},"end":{"line":265,"column":76}},"87":{"start":{"line":270,"column":8},"end":{"line":270,"column":76}},"88":{"start":{"line":271,"column":8},"end":{"line":271,"column":10284}},"89":{"start":{"line":278,"column":8},"end":{"line":278,"column":29}},"90":{"start":{"line":282,"column":8},"end":{"line":282,"column":20}},"91":{"start":{"line":283,"column":8},"end":{"line":283,"column":19}},"92":{"start":{"line":284,"column":8},"end":{"line":284,"column":26}},"93":{"start":{"line":285,"column":8},"end":{"line":285,"column":61}},"94":{"start":{"line":286,"column":8},"end":{"line":286,"column":62}},"95":{"start":{"line":288,"column":8},"end":{"line":288,"column":82}},"96":{"start":{"line":290,"column":8},"end":{"line":290,"column":10874}},"97":{"start":{"line":298,"column":8},"end":{"line":298,"column":61}},"98":{"start":{"line":299,"column":8},"end":{"line":299,"column":54}},"99":{"start":{"line":300,"column":8},"end":{"line":300,"column":23}},"100":{"start":{"line":304,"column":8},"end":{"line":304,"column":83}},"101":{"start":{"line":305,"column":8},"end":{"line":305,"column":56}},"102":{"start":{"line":309,"column":8},"end":{"line":309,"column":87}},"103":{"start":{"line":310,"column":8},"end":{"line":310,"column":56}},"104":{"start":{"line":318,"column":8},"end":{"line":318,"column":11975}},"105":{"start":{"line":319,"column":12},"end":{"line":319,"column":23}},"106":{"start":{"line":323,"column":8},"end":{"line":323,"column":56}},"107":{"start":{"line":339,"column":8},"end":{"line":339,"column":52}},"108":{"start":{"line":346,"column":8},"end":{"line":346,"column":27}},"109":{"start":{"line":355,"column":8},"end":{"line":355,"column":38}},"110":{"start":{"line":364,"column":8},"end":{"line":364,"column":51}},"111":{"start":{"line":368,"column":8},"end":{"line":368,"column":15}},"112":{"start":{"line":372,"column":8},"end":{"line":372,"column":17}},"113":{"start":{"line":377,"column":8},"end":{"line":377,"column":32}},"114":{"start":{"line":383,"column":8},"end":{"line":383,"column":28}},"115":{"start":{"line":384,"column":8},"end":{"line":384,"column":71}},"116":{"start":{"line":385,"column":8},"end":{"line":385,"column":56}},"117":{"start":{"line":387,"column":8},"end":{"line":387,"column":13940}},"118":{"start":{"line":388,"column":12},"end":{"line":388,"column":57}},"119":{"start":{"line":391,"column":8},"end":{"line":391,"column":76}},"120":{"start":{"line":395,"column":8},"end":{"line":395,"column":59}}},"branchMap":{"1":{"line":107,"type":"if","locations":[{"start":{"line":107,"column":8},"end":{"line":107,"column":8}},{"start":{"line":107,"column":8},"end":{"line":107,"column":8}}]},"2":{"line":149,"type":"if","locations":[{"start":{"line":149,"column":8},"end":{"line":149,"column":8}},{"start":{"line":149,"column":8},"end":{"line":149,"column":8}}]},"3":{"line":150,"type":"if","locations":[{"start":{"line":150,"column":8},"end":{"line":150,"column":8}},{"start":{"line":150,"column":8},"end":{"line":150,"column":8}}]},"4":{"line":156,"type":"if","locations":[{"start":{"line":156,"column":8},"end":{"line":156,"column":8}},{"start":{"line":156,"column":8},"end":{"line":156,"column":8}}]},"5":{"line":169,"type":"if","locations":[{"start":{"line":169,"column":8},"end":{"line":169,"column":8}},{"start":{"line":169,"column":8},"end":{"line":169,"column":8}}]},"6":{"line":170,"type":"if","locations":[{"start":{"line":170,"column":8},"end":{"line":170,"column":8}},{"start":{"line":170,"column":8},"end":{"line":170,"column":8}}]},"7":{"line":186,"type":"if","locations":[{"start":{"line":186,"column":8},"end":{"line":186,"column":8}},{"start":{"line":186,"column":8},"end":{"line":186,"column":8}}]},"8":{"line":188,"type":"if","locations":[{"start":{"line":188,"column":8},"end":{"line":188,"column":8}},{"start":{"line":188,"column":8},"end":{"line":188,"column":8}}]},"9":{"line":190,"type":"if","locations":[{"start":{"line":190,"column":8},"end":{"line":190,"column":8}},{"start":{"line":190,"column":8},"end":{"line":190,"column":8}}]},"10":{"line":198,"type":"if","locations":[{"start":{"line":198,"column":8},"end":{"line":198,"column":8}},{"start":{"line":198,"column":8},"end":{"line":198,"column":8}}]},"11":{"line":202,"type":"if","locations":[{"start":{"line":202,"column":8},"end":{"line":202,"column":8}},{"start":{"line":202,"column":8},"end":{"line":202,"column":8}}]},"12":{"line":205,"type":"if","locations":[{"start":{"line":205,"column":15},"end":{"line":205,"column":15}},{"start":{"line":205,"column":15},"end":{"line":205,"column":15}}]},"13":{"line":206,"type":"if","locations":[{"start":{"line":206,"column":12},"end":{"line":206,"column":12}},{"start":{"line":206,"column":12},"end":{"line":206,"column":12}}]},"14":{"line":212,"type":"if","locations":[{"start":{"line":212,"column":15},"end":{"line":212,"column":15}},{"start":{"line":212,"column":15},"end":{"line":212,"column":15}}]},"15":{"line":213,"type":"if","locations":[{"start":{"line":213,"column":12},"end":{"line":213,"column":12}},{"start":{"line":213,"column":12},"end":{"line":213,"column":12}}]},"16":{"line":239,"type":"if","locations":[{"start":{"line":239,"column":8},"end":{"line":239,"column":8}},{"start":{"line":239,"column":8},"end":{"line":239,"column":8}}]},"17":{"line":243,"type":"if","locations":[{"start":{"line":243,"column":8},"end":{"line":243,"column":8}},{"start":{"line":243,"column":8},"end":{"line":243,"column":8}}]},"18":{"line":254,"type":"if","locations":[{"start":{"line":254,"column":8},"end":{"line":254,"column":8}},{"start":{"line":254,"column":8},"end":{"line":254,"column":8}}]},"19":{"line":257,"type":"if","locations":[{"start":{"line":257,"column":8},"end":{"line":257,"column":8}},{"start":{"line":257,"column":8},"end":{"line":257,"column":8}}]},"20":{"line":261,"type":"if","locations":[{"start":{"line":261,"column":12},"end":{"line":261,"column":12}},{"start":{"line":261,"column":12},"end":{"line":261,"column":12}}]},"21":{"line":288,"type":"if","locations":[{"start":{"line":288,"column":8},"end":{"line":288,"column":8}},{"start":{"line":288,"column":8},"end":{"line":288,"column":8}}]},"22":{"line":299,"type":"if","locations":[{"start":{"line":299,"column":8},"end":{"line":299,"column":8}},{"start":{"line":299,"column":8},"end":{"line":299,"column":8}}]},"23":{"line":304,"type":"if","locations":[{"start":{"line":304,"column":8},"end":{"line":304,"column":8}},{"start":{"line":304,"column":8},"end":{"line":304,"column":8}}]},"24":{"line":309,"type":"if","locations":[{"start":{"line":309,"column":8},"end":{"line":309,"column":8}},{"start":{"line":309,"column":8},"end":{"line":309,"column":8}}]},"25":{"line":318,"type":"if","locations":[{"start":{"line":318,"column":8},"end":{"line":318,"column":8}},{"start":{"line":318,"column":8},"end":{"line":318,"column":8}}]},"26":{"line":385,"type":"if","locations":[{"start":{"line":385,"column":8},"end":{"line":385,"column":8}},{"start":{"line":385,"column":8},"end":{"line":385,"column":8}}]},"27":{"line":387,"type":"if","locations":[{"start":{"line":387,"column":8},"end":{"line":387,"column":8}},{"start":{"line":387,"column":8},"end":{"line":387,"column":8}}]}}}}